2025-12-23 14:01:54,846 | INFO | Device: cuda
2025-12-23 14:01:54,849 | INFO | Using final checkpoint: outputs/interval_sweep_analysis/20251212-145928/checkpoints/train-test_interval_1-46
2025-12-23 14:01:54,849 | INFO | 
============================================================
2025-12-23 14:01:54,850 | INFO | Generating NEW test-only results
2025-12-23 14:01:54,850 | INFO | Using final train-test_interval_1-46 checkpoint
2025-12-23 14:01:54,850 | INFO | ============================================================

2025-12-23 14:01:54,850 | INFO | 
Evaluating final model on interval [1, 7.0]h...
2025-12-23 14:01:54,852 | INFO | [Interval [1.0, 7.0]h] Evaluating fold_01of05
2025-12-23 14:02:54,255 | INFO | test threshold sweep:
  thr=0.10 | P=1.00 | R=0.88 | F1=0.94 | TP=92
  thr=0.15 | P=1.00 | R=0.88 | F1=0.93 | TP=91
  thr=0.20 | P=1.00 | R=0.86 | F1=0.92 | TP=89
  thr=0.25 | P=1.00 | R=0.86 | F1=0.92 | TP=89
  thr=0.30 | P=1.00 | R=0.86 | F1=0.92 | TP=89
  thr=0.50 | P=1.00 | R=0.85 | F1=0.92 | TP=88
2025-12-23 14:02:54,260 | INFO | test time bin [0.0h, 8.0h): samples=208 | accuracy:0.923 | precision:1.000 | recall:0.846 | f1:0.917 | auc:0.995
2025-12-23 14:02:54,260 | INFO | test time bin [8.0h, 12.0h): samples=0 | metrics=NA (no data)
2025-12-23 14:02:54,260 | INFO | test time bin [12.0h, 16.0h): samples=0 | metrics=NA (no data)
2025-12-23 14:02:54,260 | INFO | test time bin [16.0h, 24.0h): samples=0 | metrics=NA (no data)
2025-12-23 14:02:54,260 | INFO | test time bin [24.0h, 32.0h): samples=0 | metrics=NA (no data)
2025-12-23 14:02:54,260 | INFO | test: accuracy:0.9231 | precision:1.0000 | recall:0.8462 | f1:0.9167 | auc:0.9950 | loss:0.3257
2025-12-23 14:02:54,275 | INFO | [Interval [1.0, 7.0]h] Evaluating fold_02of05
