==================================================
Running BOTH Experiments (Most Efficient)
==================================================

Experiment 1 (test-only):
  Train: infected [1, FULL] + all uninfected
  Test:  infected [1, x] + all uninfected
  → Results in LEFT panel of plots

Experiment 2 (train-test):
  Train: infected [1, x] + all uninfected
  Test:  infected [1, x] + all uninfected
  → Results in RIGHT panel of plots

==================================================

Settings:
  Intervals: [1, x] where x = 7 10 13 16 19 22 25 28 31 34 37 40 43 46
  K-folds: 5
  Epochs: 10
  Metrics: auc accuracy f1
  Match uninfected interval: true
==================================================


==================================================
BOTH Experiments Complete!
==================================================

Output directory: outputs/interval_sweep_analysis/<timestamp>/

Generated plots (two panels each):
  - interval_sweep_combined.png
    └─ Left:  Experiment 1 (test-only)
    └─ Right: Experiment 2 (train-test)

  - interval_sweep_auc.png
  - interval_sweep_accuracy.png
  - interval_sweep_f1.png

Model checkpoints:
  - checkpoints/test-only_interval_*/  (Experiment 1 models)
  - checkpoints/train-test_interval_*/ (Experiment 2 models)

Data file:
  - interval_sweep_data.json (both experiments)
==================================================

Next steps:
  1. Check the two-panel plots to compare experiments
  2. Left panel higher? → Train on ALL data is better
  3. Panels similar? → Can restrict training data safely
==================================================
