2025-12-03 15:24:35,801 | INFO | Epoch 1/30
2025-12-03 15:26:34,781 | INFO | Epoch 1/30
2025-12-03 15:26:44,105 | INFO | train loss: 0.3656
2025-12-03 15:26:46,775 | INFO | val: accuracy:1.0000 | precision:1.0000 | recall:1.0000 | f1:1.0000 | auc:1.0000 | loss:0.0747
2025-12-03 15:26:48,405 | INFO | New best model with AUC 1.0000
2025-12-03 15:26:48,405 | INFO | Epoch 2/30
2025-12-03 15:26:55,056 | INFO | train loss: 0.4734
2025-12-03 15:26:56,323 | INFO | val: accuracy:1.0000 | precision:1.0000 | recall:1.0000 | f1:1.0000 | auc:1.0000 | loss:0.0163
2025-12-03 15:26:56,324 | INFO | Epoch 3/30
2025-12-03 15:27:00,625 | INFO | train loss: 0.0423
2025-12-03 15:27:02,533 | INFO | val: accuracy:1.0000 | precision:1.0000 | recall:1.0000 | f1:1.0000 | auc:1.0000 | loss:0.0003
2025-12-03 15:27:02,533 | INFO | Epoch 4/30
2025-12-03 15:27:08,257 | INFO | train loss: 0.1822
2025-12-03 15:27:09,338 | INFO | val: accuracy:1.0000 | precision:1.0000 | recall:1.0000 | f1:1.0000 | auc:1.0000 | loss:0.0004
2025-12-03 15:27:09,338 | INFO | Epoch 5/30
2025-12-03 15:27:14,115 | INFO | train loss: 0.0777
2025-12-03 15:27:15,161 | INFO | val: accuracy:1.0000 | precision:1.0000 | recall:1.0000 | f1:1.0000 | auc:1.0000 | loss:0.0085
2025-12-03 15:27:15,162 | INFO | Epoch 6/30
2025-12-03 15:27:19,531 | INFO | train loss: 0.0947
2025-12-03 15:29:57,152 | INFO | Epoch 1/30
2025-12-03 15:30:03,447 | INFO | train loss: 0.3656
2025-12-03 15:30:04,726 | INFO | val: accuracy:1.0000 | precision:1.0000 | recall:1.0000 | f1:1.0000 | auc:1.0000 | loss:0.0747
2025-12-03 15:30:06,401 | INFO | New best model with AUC 1.0000
2025-12-03 15:30:06,402 | INFO | Epoch 2/30
2025-12-03 15:30:11,450 | INFO | train loss: 0.4734
2025-12-03 15:30:12,588 | INFO | val: accuracy:1.0000 | precision:1.0000 | recall:1.0000 | f1:1.0000 | auc:1.0000 | loss:0.0163
2025-12-03 15:30:12,588 | INFO | Epoch 3/30
2025-12-03 15:30:17,433 | INFO | train loss: 0.0423
2025-12-03 15:30:18,815 | INFO | val: accuracy:1.0000 | precision:1.0000 | recall:1.0000 | f1:1.0000 | auc:1.0000 | loss:0.0003
2025-12-03 15:30:18,815 | INFO | Epoch 4/30
2025-12-03 15:30:23,621 | INFO | train loss: 0.1822
2025-12-03 15:30:24,860 | INFO | val: accuracy:1.0000 | precision:1.0000 | recall:1.0000 | f1:1.0000 | auc:1.0000 | loss:0.0004
2025-12-03 15:30:24,860 | INFO | Epoch 5/30
2025-12-03 15:30:32,364 | INFO | train loss: 0.0777
2025-12-03 15:30:33,545 | INFO | val: accuracy:1.0000 | precision:1.0000 | recall:1.0000 | f1:1.0000 | auc:1.0000 | loss:0.0085
2025-12-03 15:30:33,545 | INFO | Epoch 6/30
2025-12-03 15:30:38,936 | INFO | train loss: 0.0947
2025-12-03 15:30:40,027 | INFO | val: accuracy:1.0000 | precision:1.0000 | recall:1.0000 | f1:1.0000 | auc:1.0000 | loss:0.0000
2025-12-03 15:30:40,027 | INFO | Epoch 7/30
2025-12-03 15:30:44,747 | INFO | train loss: 0.1874
2025-12-03 15:30:45,754 | INFO | val: accuracy:1.0000 | precision:1.0000 | recall:1.0000 | f1:1.0000 | auc:1.0000 | loss:0.0000
2025-12-03 15:30:45,755 | INFO | Epoch 8/30
2025-12-03 15:30:50,330 | INFO | train loss: 0.0029
2025-12-03 15:30:51,529 | INFO | val: accuracy:1.0000 | precision:1.0000 | recall:1.0000 | f1:1.0000 | auc:1.0000 | loss:0.0002
2025-12-03 15:30:51,530 | INFO | Epoch 9/30
2025-12-03 15:30:56,245 | INFO | train loss: 0.3763
2025-12-03 15:30:57,383 | INFO | val: accuracy:1.0000 | precision:1.0000 | recall:1.0000 | f1:1.0000 | auc:1.0000 | loss:0.0000
2025-12-03 15:30:57,383 | INFO | Epoch 10/30
2025-12-03 15:31:02,027 | INFO | train loss: 0.0431
2025-12-03 15:31:03,132 | INFO | val: accuracy:1.0000 | precision:1.0000 | recall:1.0000 | f1:1.0000 | auc:1.0000 | loss:0.0000
2025-12-03 15:31:03,132 | INFO | Epoch 11/30
2025-12-03 15:31:07,848 | INFO | train loss: 0.0008
2025-12-03 15:31:09,133 | INFO | val: accuracy:1.0000 | precision:1.0000 | recall:1.0000 | f1:1.0000 | auc:1.0000 | loss:0.0002
2025-12-03 15:31:09,133 | INFO | Epoch 12/30
2025-12-03 15:31:14,271 | INFO | train loss: 0.0822
2025-12-03 15:31:15,426 | INFO | val: accuracy:1.0000 | precision:1.0000 | recall:1.0000 | f1:1.0000 | auc:1.0000 | loss:0.0000
2025-12-03 15:31:15,426 | INFO | Epoch 13/30
2025-12-03 15:31:19,912 | INFO | train loss: 0.2000
2025-12-03 15:31:20,957 | INFO | val: accuracy:1.0000 | precision:1.0000 | recall:1.0000 | f1:1.0000 | auc:1.0000 | loss:0.0000
2025-12-03 15:31:20,957 | INFO | Epoch 14/30
2025-12-03 15:31:26,171 | INFO | train loss: 0.2466
2025-12-03 15:31:27,437 | INFO | val: accuracy:1.0000 | precision:1.0000 | recall:1.0000 | f1:1.0000 | auc:1.0000 | loss:0.0000
2025-12-03 15:31:27,438 | INFO | Epoch 15/30
2025-12-03 15:31:32,248 | INFO | train loss: 0.0282
2025-12-03 15:31:33,360 | INFO | val: accuracy:1.0000 | precision:1.0000 | recall:1.0000 | f1:1.0000 | auc:1.0000 | loss:0.0000
2025-12-03 15:31:33,360 | INFO | Epoch 16/30
2025-12-03 15:31:38,441 | INFO | train loss: 0.0932
2025-12-03 15:31:39,447 | INFO | val: accuracy:1.0000 | precision:1.0000 | recall:1.0000 | f1:1.0000 | auc:1.0000 | loss:0.0000
2025-12-03 15:31:39,448 | INFO | Epoch 17/30
2025-12-03 15:31:44,324 | INFO | train loss: 0.1114
2025-12-03 15:31:45,528 | INFO | val: accuracy:1.0000 | precision:1.0000 | recall:1.0000 | f1:1.0000 | auc:1.0000 | loss:0.0000
2025-12-03 15:31:45,529 | INFO | Epoch 18/30
2025-12-03 15:31:50,341 | INFO | train loss: 0.2716
2025-12-03 15:31:51,651 | INFO | val: accuracy:1.0000 | precision:1.0000 | recall:1.0000 | f1:1.0000 | auc:1.0000 | loss:0.0000
2025-12-03 15:31:51,651 | INFO | Epoch 19/30
2025-12-03 15:31:56,817 | INFO | train loss: 0.2179
2025-12-03 15:31:57,943 | INFO | val: accuracy:1.0000 | precision:1.0000 | recall:1.0000 | f1:1.0000 | auc:1.0000 | loss:0.0000
2025-12-03 15:31:57,943 | INFO | Epoch 20/30
2025-12-03 15:32:02,620 | INFO | train loss: 0.2934
2025-12-03 15:32:04,050 | INFO | val: accuracy:1.0000 | precision:1.0000 | recall:1.0000 | f1:1.0000 | auc:1.0000 | loss:0.0000
2025-12-03 15:32:04,050 | INFO | Epoch 21/30
2025-12-03 15:32:08,933 | INFO | train loss: 0.4331
2025-12-03 15:32:10,160 | INFO | val: accuracy:1.0000 | precision:1.0000 | recall:1.0000 | f1:1.0000 | auc:1.0000 | loss:0.0000
2025-12-03 15:32:10,161 | INFO | Epoch 22/30
2025-12-03 15:32:15,037 | INFO | train loss: 0.1884
2025-12-03 15:32:16,124 | INFO | val: accuracy:1.0000 | precision:1.0000 | recall:1.0000 | f1:1.0000 | auc:1.0000 | loss:0.0000
2025-12-03 15:32:16,124 | INFO | Epoch 23/30
2025-12-03 15:32:21,016 | INFO | train loss: 0.1310
2025-12-03 15:32:22,237 | INFO | val: accuracy:1.0000 | precision:1.0000 | recall:1.0000 | f1:1.0000 | auc:1.0000 | loss:0.0000
2025-12-03 15:32:22,238 | INFO | Epoch 24/30
2025-12-03 15:32:27,031 | INFO | train loss: 0.1693
2025-12-03 15:32:28,157 | INFO | val: accuracy:1.0000 | precision:1.0000 | recall:1.0000 | f1:1.0000 | auc:1.0000 | loss:0.0000
2025-12-03 15:32:28,157 | INFO | Epoch 25/30
2025-12-03 15:32:33,332 | INFO | train loss: 0.2346
2025-12-03 15:32:34,540 | INFO | val: accuracy:1.0000 | precision:1.0000 | recall:1.0000 | f1:1.0000 | auc:1.0000 | loss:0.0000
2025-12-03 15:32:34,541 | INFO | Epoch 26/30
2025-12-03 15:32:39,340 | INFO | train loss: 0.0186
2025-12-03 15:32:40,439 | INFO | val: accuracy:1.0000 | precision:1.0000 | recall:1.0000 | f1:1.0000 | auc:1.0000 | loss:0.0000
2025-12-03 15:32:40,439 | INFO | Epoch 27/30
2025-12-03 15:32:46,824 | INFO | train loss: 0.0441
2025-12-03 15:32:48,132 | INFO | val: accuracy:1.0000 | precision:1.0000 | recall:1.0000 | f1:1.0000 | auc:1.0000 | loss:0.0000
2025-12-03 15:32:48,133 | INFO | Epoch 28/30
2025-12-03 15:32:52,757 | INFO | train loss: 0.0481
2025-12-03 15:32:54,057 | INFO | val: accuracy:1.0000 | precision:1.0000 | recall:1.0000 | f1:1.0000 | auc:1.0000 | loss:0.0000
2025-12-03 15:32:54,058 | INFO | Epoch 29/30
2025-12-03 15:32:58,841 | INFO | train loss: 0.2910
2025-12-03 15:32:59,861 | INFO | val: accuracy:1.0000 | precision:1.0000 | recall:1.0000 | f1:1.0000 | auc:1.0000 | loss:0.0000
2025-12-03 15:32:59,861 | INFO | Epoch 30/30
2025-12-03 15:33:04,647 | INFO | train loss: 0.1718
2025-12-03 15:33:06,038 | INFO | val: accuracy:1.0000 | precision:1.0000 | recall:1.0000 | f1:1.0000 | auc:1.0000 | loss:0.0001
2025-12-03 15:33:06,038 | INFO | Evaluating on test split
2025-12-03 15:33:08,727 | INFO | test: accuracy:1.0000 | precision:1.0000 | recall:1.0000 | f1:1.0000 | auc:1.0000 | loss:0.0006
2025-12-03 15:42:23,775 | INFO | train split -> total:50 | conditions[infected:25, uninfected:25] | labels[label0:25, label1:25]
2025-12-03 15:42:23,775 | INFO | train sample paths: ['/isilon/datalake/gurcan_rsch/scratch/WSI/zhengjie/DATA/GMU_cell_1023/HBMVEC/Infected_well/no_labels/20251023hbmvecp510x30minintervalinfectedvsuninfected_s5_b2_p18_t0-94_ec.tiff', '/isilon/datalake/gurcan_rsch/scratch/WSI/zhengjie/DATA/GMU_cell_1023/HBMVEC/Infected_well/no_labels/20251023hbmvecp510x30minintervalinfectedvsuninfected_s5_b2_p25_t0-94_ec.tiff', '/isilon/datalake/gurcan_rsch/scratch/WSI/zhengjie/DATA/GMU_cell_1023/HBMVEC/Infected_well/no_labels/20251023hbmvecp510x30minintervalinfectedvsuninfected_s5_b2_p27_t0-94_ec.tiff']
2025-12-03 15:42:23,775 | INFO | val split -> total:10 | conditions[infected:5, uninfected:5] | labels[label0:5, label1:5]
2025-12-03 15:42:23,777 | INFO | val sample paths: ['/isilon/datalake/gurcan_rsch/scratch/WSI/zhengjie/DATA/GMU_cell_1023/HBMVEC/Infected_well/no_labels/20251023hbmvecp510x30minintervalinfectedvsuninfected_s5_b2_p21_t0-94_ec.tiff', '/isilon/datalake/gurcan_rsch/scratch/WSI/zhengjie/DATA/GMU_cell_1023/HBMVEC/Infected_well/no_labels/20251023hbmvecp510x30minintervalinfectedvsuninfected_s5_b2_p11_t0-94_ec.tiff', '/isilon/datalake/gurcan_rsch/scratch/WSI/zhengjie/DATA/GMU_cell_1023/HBMVEC/Infected_well/no_labels/20251023hbmvecp510x30minintervalinfectedvsuninfected_s5_b2_p35_t0-94_ec.tiff']
2025-12-03 15:42:23,778 | INFO | test split -> total:12 | conditions[infected:6, uninfected:6] | labels[label0:6, label1:6]
2025-12-03 15:42:23,780 | INFO | test sample paths: ['/isilon/datalake/gurcan_rsch/scratch/WSI/zhengjie/DATA/GMU_cell_1023/HBMVEC/Infected_well/no_labels/20251023hbmvecp510x30minintervalinfectedvsuninfected_s5_b2_p9_t0-94_ec.tiff', '/isilon/datalake/gurcan_rsch/scratch/WSI/zhengjie/DATA/GMU_cell_1023/HBMVEC/Infected_well/no_labels/20251023hbmvecp510x30minintervalinfectedvsuninfected_s5_b2_p8_t0-94_ec.tiff', '/isilon/datalake/gurcan_rsch/scratch/WSI/zhengjie/DATA/GMU_cell_1023/HBMVEC/Infected_well/no_labels/20251023hbmvecp510x30minintervalinfectedvsuninfected_s5_b2_p34_t0-94_ec.tiff']
2025-12-03 15:42:33,045 | INFO | Epoch 1/30
2025-12-03 15:42:38,428 | INFO | train loss: 0.3656
2025-12-03 15:42:40,026 | INFO | val: accuracy:1.0000 | precision:1.0000 | recall:1.0000 | f1:1.0000 | auc:1.0000 | loss:0.0747
2025-12-03 15:42:41,703 | INFO | New best model with AUC 1.0000
2025-12-03 15:42:41,703 | INFO | Epoch 2/30
2025-12-03 15:42:46,135 | INFO | train loss: 0.4734
2025-12-03 15:42:47,228 | INFO | val: accuracy:1.0000 | precision:1.0000 | recall:1.0000 | f1:1.0000 | auc:1.0000 | loss:0.0163
2025-12-03 15:42:47,228 | INFO | Epoch 3/30
2025-12-03 15:42:51,719 | INFO | train loss: 0.0423
2025-12-03 15:42:52,728 | INFO | val: accuracy:1.0000 | precision:1.0000 | recall:1.0000 | f1:1.0000 | auc:1.0000 | loss:0.0003
2025-12-03 15:42:52,728 | INFO | Epoch 4/30
2025-12-03 15:42:57,444 | INFO | train loss: 0.1822
2025-12-03 15:42:58,541 | INFO | val: accuracy:1.0000 | precision:1.0000 | recall:1.0000 | f1:1.0000 | auc:1.0000 | loss:0.0004
2025-12-03 15:42:58,542 | INFO | Epoch 5/30
2025-12-03 15:43:03,344 | INFO | train loss: 0.0777
2025-12-03 15:43:04,510 | INFO | val: accuracy:1.0000 | precision:1.0000 | recall:1.0000 | f1:1.0000 | auc:1.0000 | loss:0.0085
2025-12-03 15:43:04,511 | INFO | Epoch 6/30
2025-12-03 15:43:09,545 | INFO | train loss: 0.0947
2025-12-03 15:43:10,539 | INFO | val: accuracy:1.0000 | precision:1.0000 | recall:1.0000 | f1:1.0000 | auc:1.0000 | loss:0.0000
2025-12-03 15:43:10,539 | INFO | Epoch 7/30
2025-12-03 15:50:35,525 | INFO | train split -> total:3050 | conditions[infected:725, uninfected:2325] | labels[label0:2325, label1:725]
2025-12-03 15:50:35,526 | INFO | train sample frames: ['/isilon/datalake/gurcan_rsch/scratch/WSI/zhengjie/DATA/GMU_cell_1023/HBMVEC/Infected_well/no_labels/20251023hbmvecp510x30minintervalinfectedvsuninfected_s5_b2_p18_t0-94_ec.tiff#t32', '/isilon/datalake/gurcan_rsch/scratch/WSI/zhengjie/DATA/GMU_cell_1023/HBMVEC/Infected_well/no_labels/20251023hbmvecp510x30minintervalinfectedvsuninfected_s5_b2_p18_t0-94_ec.tiff#t33', '/isilon/datalake/gurcan_rsch/scratch/WSI/zhengjie/DATA/GMU_cell_1023/HBMVEC/Infected_well/no_labels/20251023hbmvecp510x30minintervalinfectedvsuninfected_s5_b2_p18_t0-94_ec.tiff#t34']
2025-12-03 15:50:35,526 | INFO | val split -> total:610 | conditions[infected:145, uninfected:465] | labels[label0:465, label1:145]
2025-12-03 15:50:35,526 | INFO | val sample frames: ['/isilon/datalake/gurcan_rsch/scratch/WSI/zhengjie/DATA/GMU_cell_1023/HBMVEC/Infected_well/no_labels/20251023hbmvecp510x30minintervalinfectedvsuninfected_s5_b2_p21_t0-94_ec.tiff#t32', '/isilon/datalake/gurcan_rsch/scratch/WSI/zhengjie/DATA/GMU_cell_1023/HBMVEC/Infected_well/no_labels/20251023hbmvecp510x30minintervalinfectedvsuninfected_s5_b2_p21_t0-94_ec.tiff#t33', '/isilon/datalake/gurcan_rsch/scratch/WSI/zhengjie/DATA/GMU_cell_1023/HBMVEC/Infected_well/no_labels/20251023hbmvecp510x30minintervalinfectedvsuninfected_s5_b2_p21_t0-94_ec.tiff#t34']
2025-12-03 15:50:35,526 | INFO | test split -> total:732 | conditions[infected:174, uninfected:558] | labels[label0:558, label1:174]
2025-12-03 15:50:35,526 | INFO | test sample frames: ['/isilon/datalake/gurcan_rsch/scratch/WSI/zhengjie/DATA/GMU_cell_1023/HBMVEC/Infected_well/no_labels/20251023hbmvecp510x30minintervalinfectedvsuninfected_s5_b2_p9_t0-94_ec.tiff#t32', '/isilon/datalake/gurcan_rsch/scratch/WSI/zhengjie/DATA/GMU_cell_1023/HBMVEC/Infected_well/no_labels/20251023hbmvecp510x30minintervalinfectedvsuninfected_s5_b2_p9_t0-94_ec.tiff#t33', '/isilon/datalake/gurcan_rsch/scratch/WSI/zhengjie/DATA/GMU_cell_1023/HBMVEC/Infected_well/no_labels/20251023hbmvecp510x30minintervalinfectedvsuninfected_s5_b2_p9_t0-94_ec.tiff#t34']
2025-12-03 15:50:44,715 | INFO | Epoch 1/30
2025-12-03 15:51:49,982 | INFO | train split -> total:3050 | conditions[infected:725, uninfected:2325] | labels[label0:2325, label1:725]
2025-12-03 15:51:49,982 | INFO | train sample frames: ['/isilon/datalake/gurcan_rsch/scratch/WSI/zhengjie/DATA/GMU_cell_1023/HBMVEC/Infected_well/no_labels/20251023hbmvecp510x30minintervalinfectedvsuninfected_s5_b2_p18_t0-94_ec.tiff#t32', '/isilon/datalake/gurcan_rsch/scratch/WSI/zhengjie/DATA/GMU_cell_1023/HBMVEC/Infected_well/no_labels/20251023hbmvecp510x30minintervalinfectedvsuninfected_s5_b2_p18_t0-94_ec.tiff#t33', '/isilon/datalake/gurcan_rsch/scratch/WSI/zhengjie/DATA/GMU_cell_1023/HBMVEC/Infected_well/no_labels/20251023hbmvecp510x30minintervalinfectedvsuninfected_s5_b2_p18_t0-94_ec.tiff#t34']
2025-12-03 15:51:49,983 | INFO | val split -> total:610 | conditions[infected:145, uninfected:465] | labels[label0:465, label1:145]
2025-12-03 15:51:49,984 | INFO | val sample frames: ['/isilon/datalake/gurcan_rsch/scratch/WSI/zhengjie/DATA/GMU_cell_1023/HBMVEC/Infected_well/no_labels/20251023hbmvecp510x30minintervalinfectedvsuninfected_s5_b2_p21_t0-94_ec.tiff#t32', '/isilon/datalake/gurcan_rsch/scratch/WSI/zhengjie/DATA/GMU_cell_1023/HBMVEC/Infected_well/no_labels/20251023hbmvecp510x30minintervalinfectedvsuninfected_s5_b2_p21_t0-94_ec.tiff#t33', '/isilon/datalake/gurcan_rsch/scratch/WSI/zhengjie/DATA/GMU_cell_1023/HBMVEC/Infected_well/no_labels/20251023hbmvecp510x30minintervalinfectedvsuninfected_s5_b2_p21_t0-94_ec.tiff#t34']
2025-12-03 15:51:49,985 | INFO | test split -> total:732 | conditions[infected:174, uninfected:558] | labels[label0:558, label1:174]
2025-12-03 15:51:49,986 | INFO | test sample frames: ['/isilon/datalake/gurcan_rsch/scratch/WSI/zhengjie/DATA/GMU_cell_1023/HBMVEC/Infected_well/no_labels/20251023hbmvecp510x30minintervalinfectedvsuninfected_s5_b2_p9_t0-94_ec.tiff#t32', '/isilon/datalake/gurcan_rsch/scratch/WSI/zhengjie/DATA/GMU_cell_1023/HBMVEC/Infected_well/no_labels/20251023hbmvecp510x30minintervalinfectedvsuninfected_s5_b2_p9_t0-94_ec.tiff#t33', '/isilon/datalake/gurcan_rsch/scratch/WSI/zhengjie/DATA/GMU_cell_1023/HBMVEC/Infected_well/no_labels/20251023hbmvecp510x30minintervalinfectedvsuninfected_s5_b2_p9_t0-94_ec.tiff#t34']
2025-12-03 15:51:59,580 | INFO | Epoch 1/30
2025-12-03 15:53:05,994 | INFO | train split -> total:3050 | conditions[infected:725, uninfected:2325] | labels[label0:2325, label1:725]
2025-12-03 15:53:05,994 | INFO | train sample frames: ['/isilon/datalake/gurcan_rsch/scratch/WSI/zhengjie/DATA/GMU_cell_1023/HBMVEC/Infected_well/no_labels/20251023hbmvecp510x30minintervalinfectedvsuninfected_s5_b2_p18_t0-94_ec.tiff#t32', '/isilon/datalake/gurcan_rsch/scratch/WSI/zhengjie/DATA/GMU_cell_1023/HBMVEC/Infected_well/no_labels/20251023hbmvecp510x30minintervalinfectedvsuninfected_s5_b2_p18_t0-94_ec.tiff#t33', '/isilon/datalake/gurcan_rsch/scratch/WSI/zhengjie/DATA/GMU_cell_1023/HBMVEC/Infected_well/no_labels/20251023hbmvecp510x30minintervalinfectedvsuninfected_s5_b2_p18_t0-94_ec.tiff#t34']
2025-12-03 15:53:05,994 | INFO | val split -> total:366 | conditions[infected:87, uninfected:279] | labels[label0:279, label1:87]
2025-12-03 15:53:05,996 | INFO | val sample frames: ['/isilon/datalake/gurcan_rsch/scratch/WSI/zhengjie/DATA/GMU_cell_1023/HBMVEC/Infected_well/no_labels/20251023hbmvecp510x30minintervalinfectedvsuninfected_s5_b2_p21_t0-94_ec.tiff#t32', '/isilon/datalake/gurcan_rsch/scratch/WSI/zhengjie/DATA/GMU_cell_1023/HBMVEC/Infected_well/no_labels/20251023hbmvecp510x30minintervalinfectedvsuninfected_s5_b2_p21_t0-94_ec.tiff#t33', '/isilon/datalake/gurcan_rsch/scratch/WSI/zhengjie/DATA/GMU_cell_1023/HBMVEC/Infected_well/no_labels/20251023hbmvecp510x30minintervalinfectedvsuninfected_s5_b2_p21_t0-94_ec.tiff#t34']
2025-12-03 15:53:05,997 | INFO | test split -> total:976 | conditions[infected:232, uninfected:744] | labels[label0:744, label1:232]
2025-12-03 15:53:05,998 | INFO | test sample frames: ['/isilon/datalake/gurcan_rsch/scratch/WSI/zhengjie/DATA/GMU_cell_1023/HBMVEC/Infected_well/no_labels/20251023hbmvecp510x30minintervalinfectedvsuninfected_s5_b2_p36_t0-94_ec.tiff#t32', '/isilon/datalake/gurcan_rsch/scratch/WSI/zhengjie/DATA/GMU_cell_1023/HBMVEC/Infected_well/no_labels/20251023hbmvecp510x30minintervalinfectedvsuninfected_s5_b2_p36_t0-94_ec.tiff#t33', '/isilon/datalake/gurcan_rsch/scratch/WSI/zhengjie/DATA/GMU_cell_1023/HBMVEC/Infected_well/no_labels/20251023hbmvecp510x30minintervalinfectedvsuninfected_s5_b2_p36_t0-94_ec.tiff#t34']
2025-12-03 15:53:16,246 | INFO | Epoch 1/30
2025-12-03 15:54:10,281 | INFO | train split -> total:3050 | conditions[infected:725, uninfected:2325] | labels[label0:2325, label1:725]
2025-12-03 15:54:10,281 | INFO | train sample frames: ['/isilon/datalake/gurcan_rsch/scratch/WSI/zhengjie/DATA/GMU_cell_1023/HBMVEC/Infected_well/no_labels/20251023hbmvecp510x30minintervalinfectedvsuninfected_s5_b2_p18_t0-94_ec.tiff#t32', '/isilon/datalake/gurcan_rsch/scratch/WSI/zhengjie/DATA/GMU_cell_1023/HBMVEC/Infected_well/no_labels/20251023hbmvecp510x30minintervalinfectedvsuninfected_s5_b2_p18_t0-94_ec.tiff#t33', '/isilon/datalake/gurcan_rsch/scratch/WSI/zhengjie/DATA/GMU_cell_1023/HBMVEC/Infected_well/no_labels/20251023hbmvecp510x30minintervalinfectedvsuninfected_s5_b2_p18_t0-94_ec.tiff#t34']
2025-12-03 15:54:10,281 | INFO | val split -> total:366 | conditions[infected:87, uninfected:279] | labels[label0:279, label1:87]
2025-12-03 15:54:10,283 | INFO | val sample frames: ['/isilon/datalake/gurcan_rsch/scratch/WSI/zhengjie/DATA/GMU_cell_1023/HBMVEC/Infected_well/no_labels/20251023hbmvecp510x30minintervalinfectedvsuninfected_s5_b2_p21_t0-94_ec.tiff#t32', '/isilon/datalake/gurcan_rsch/scratch/WSI/zhengjie/DATA/GMU_cell_1023/HBMVEC/Infected_well/no_labels/20251023hbmvecp510x30minintervalinfectedvsuninfected_s5_b2_p21_t0-94_ec.tiff#t33', '/isilon/datalake/gurcan_rsch/scratch/WSI/zhengjie/DATA/GMU_cell_1023/HBMVEC/Infected_well/no_labels/20251023hbmvecp510x30minintervalinfectedvsuninfected_s5_b2_p21_t0-94_ec.tiff#t34']
2025-12-03 15:54:10,284 | INFO | test split -> total:976 | conditions[infected:232, uninfected:744] | labels[label0:744, label1:232]
2025-12-03 15:54:10,285 | INFO | test sample frames: ['/isilon/datalake/gurcan_rsch/scratch/WSI/zhengjie/DATA/GMU_cell_1023/HBMVEC/Infected_well/no_labels/20251023hbmvecp510x30minintervalinfectedvsuninfected_s5_b2_p36_t0-94_ec.tiff#t32', '/isilon/datalake/gurcan_rsch/scratch/WSI/zhengjie/DATA/GMU_cell_1023/HBMVEC/Infected_well/no_labels/20251023hbmvecp510x30minintervalinfectedvsuninfected_s5_b2_p36_t0-94_ec.tiff#t33', '/isilon/datalake/gurcan_rsch/scratch/WSI/zhengjie/DATA/GMU_cell_1023/HBMVEC/Infected_well/no_labels/20251023hbmvecp510x30minintervalinfectedvsuninfected_s5_b2_p36_t0-94_ec.tiff#t34']
2025-12-03 15:54:20,331 | INFO | Epoch 1/30
2025-12-03 15:58:11,711 | INFO | train loss: 0.0460
2025-12-03 16:00:54,889 | INFO | train split -> total:3050 | conditions[infected:725, uninfected:2325] | labels[label0:2325, label1:725]
2025-12-03 16:00:54,891 | INFO | train sample frames: ['/isilon/datalake/gurcan_rsch/scratch/WSI/zhengjie/DATA/GMU_cell_1023/HBMVEC/Infected_well/no_labels/20251023hbmvecp510x30minintervalinfectedvsuninfected_s5_b2_p18_t0-94_ec.tiff#t32', '/isilon/datalake/gurcan_rsch/scratch/WSI/zhengjie/DATA/GMU_cell_1023/HBMVEC/Infected_well/no_labels/20251023hbmvecp510x30minintervalinfectedvsuninfected_s5_b2_p18_t0-94_ec.tiff#t33', '/isilon/datalake/gurcan_rsch/scratch/WSI/zhengjie/DATA/GMU_cell_1023/HBMVEC/Infected_well/no_labels/20251023hbmvecp510x30minintervalinfectedvsuninfected_s5_b2_p18_t0-94_ec.tiff#t34']
2025-12-03 16:00:54,891 | INFO | val split -> total:366 | conditions[infected:87, uninfected:279] | labels[label0:279, label1:87]
2025-12-03 16:00:54,891 | INFO | val sample frames: ['/isilon/datalake/gurcan_rsch/scratch/WSI/zhengjie/DATA/GMU_cell_1023/HBMVEC/Infected_well/no_labels/20251023hbmvecp510x30minintervalinfectedvsuninfected_s5_b2_p21_t0-94_ec.tiff#t32', '/isilon/datalake/gurcan_rsch/scratch/WSI/zhengjie/DATA/GMU_cell_1023/HBMVEC/Infected_well/no_labels/20251023hbmvecp510x30minintervalinfectedvsuninfected_s5_b2_p21_t0-94_ec.tiff#t33', '/isilon/datalake/gurcan_rsch/scratch/WSI/zhengjie/DATA/GMU_cell_1023/HBMVEC/Infected_well/no_labels/20251023hbmvecp510x30minintervalinfectedvsuninfected_s5_b2_p21_t0-94_ec.tiff#t34']
2025-12-03 16:00:54,891 | INFO | test split -> total:976 | conditions[infected:232, uninfected:744] | labels[label0:744, label1:232]
2025-12-03 16:00:54,891 | INFO | test sample frames: ['/isilon/datalake/gurcan_rsch/scratch/WSI/zhengjie/DATA/GMU_cell_1023/HBMVEC/Infected_well/no_labels/20251023hbmvecp510x30minintervalinfectedvsuninfected_s5_b2_p36_t0-94_ec.tiff#t32', '/isilon/datalake/gurcan_rsch/scratch/WSI/zhengjie/DATA/GMU_cell_1023/HBMVEC/Infected_well/no_labels/20251023hbmvecp510x30minintervalinfectedvsuninfected_s5_b2_p36_t0-94_ec.tiff#t33', '/isilon/datalake/gurcan_rsch/scratch/WSI/zhengjie/DATA/GMU_cell_1023/HBMVEC/Infected_well/no_labels/20251023hbmvecp510x30minintervalinfectedvsuninfected_s5_b2_p36_t0-94_ec.tiff#t34']
2025-12-03 16:00:56,180 | INFO | Epoch 1/30
2025-12-03 16:03:14,869 | INFO | train loss: 0.1722
2025-12-03 16:03:58,943 | INFO | val: accuracy:0.9563 | precision:1.0000 | recall:0.8161 | f1:0.8987 | auc:1.0000 | loss:0.1019
2025-12-03 16:04:00,724 | INFO | New best model with AUC 1.0000
2025-12-03 16:04:00,724 | INFO | Epoch 2/30
2025-12-03 16:06:42,812 | INFO | train loss: 0.0009
2025-12-03 16:07:25,018 | INFO | val: accuracy:0.9727 | precision:1.0000 | recall:0.8851 | f1:0.9390 | auc:1.0000 | loss:0.1125
2025-12-03 16:07:25,019 | INFO | Epoch 3/30
2025-12-03 16:09:28,215 | INFO | train loss: 0.0003
2025-12-03 16:10:06,252 | INFO | val: accuracy:0.9781 | precision:1.0000 | recall:0.9080 | f1:0.9518 | auc:1.0000 | loss:0.0613
2025-12-03 16:10:06,252 | INFO | Epoch 4/30
2025-12-03 16:12:09,447 | INFO | train loss: 0.0002
2025-12-03 16:12:45,613 | INFO | val: accuracy:0.9945 | precision:1.0000 | recall:0.9770 | f1:0.9884 | auc:1.0000 | loss:0.0144
2025-12-03 16:12:45,614 | INFO | Epoch 5/30
2025-12-03 16:14:46,212 | INFO | train loss: 0.0002
2025-12-03 16:15:24,997 | INFO | val: accuracy:1.0000 | precision:1.0000 | recall:1.0000 | f1:1.0000 | auc:1.0000 | loss:0.0003
2025-12-03 16:15:24,998 | INFO | Epoch 6/30
2025-12-03 16:17:28,771 | INFO | train loss: 0.0002
2025-12-03 16:18:08,455 | INFO | val: accuracy:1.0000 | precision:1.0000 | recall:1.0000 | f1:1.0000 | auc:1.0000 | loss:0.0001
2025-12-03 16:18:08,455 | INFO | Epoch 7/30
2025-12-03 16:20:13,585 | INFO | train loss: 0.0002
2025-12-03 16:20:52,937 | INFO | val: accuracy:1.0000 | precision:1.0000 | recall:1.0000 | f1:1.0000 | auc:1.0000 | loss:0.0001
2025-12-03 16:20:52,937 | INFO | Epoch 8/30
2025-12-03 16:22:55,158 | INFO | train loss: 0.0001
2025-12-03 16:23:32,691 | INFO | val: accuracy:1.0000 | precision:1.0000 | recall:1.0000 | f1:1.0000 | auc:1.0000 | loss:0.0001
2025-12-03 16:23:32,691 | INFO | Epoch 9/30
2025-12-03 16:25:32,492 | INFO | train loss: 0.0001
2025-12-03 16:26:11,867 | INFO | val: accuracy:1.0000 | precision:1.0000 | recall:1.0000 | f1:1.0000 | auc:1.0000 | loss:0.0001
2025-12-03 16:26:11,868 | INFO | Epoch 10/30
2025-12-03 16:28:17,556 | INFO | train loss: 0.0001
2025-12-03 16:28:53,564 | INFO | val: accuracy:1.0000 | precision:1.0000 | recall:1.0000 | f1:1.0000 | auc:1.0000 | loss:0.0001
2025-12-03 16:28:53,564 | INFO | Epoch 11/30
2025-12-03 16:30:55,697 | INFO | train loss: 0.0001
2025-12-03 16:31:32,311 | INFO | val: accuracy:1.0000 | precision:1.0000 | recall:1.0000 | f1:1.0000 | auc:1.0000 | loss:0.0001
2025-12-03 16:31:32,311 | INFO | Epoch 12/30
2025-12-03 16:33:31,858 | INFO | train loss: 0.0001
2025-12-03 16:34:12,078 | INFO | val: accuracy:1.0000 | precision:1.0000 | recall:1.0000 | f1:1.0000 | auc:1.0000 | loss:0.0001
2025-12-03 16:34:12,078 | INFO | Epoch 13/30
2025-12-03 16:36:15,308 | INFO | train loss: 0.0001
2025-12-03 16:36:52,767 | INFO | val: accuracy:1.0000 | precision:1.0000 | recall:1.0000 | f1:1.0000 | auc:1.0000 | loss:0.0001
2025-12-03 16:36:52,767 | INFO | Epoch 14/30
2025-12-03 16:38:52,550 | INFO | train loss: 0.0001
2025-12-03 16:39:29,840 | INFO | val: accuracy:1.0000 | precision:1.0000 | recall:1.0000 | f1:1.0000 | auc:1.0000 | loss:0.0001
2025-12-03 16:39:29,840 | INFO | Epoch 15/30
2025-12-03 16:41:29,754 | INFO | train loss: 0.0001
2025-12-03 16:42:06,918 | INFO | val: accuracy:1.0000 | precision:1.0000 | recall:1.0000 | f1:1.0000 | auc:1.0000 | loss:0.0001
2025-12-03 16:42:06,918 | INFO | Epoch 16/30
2025-12-03 16:44:07,719 | INFO | train loss: 0.0001
2025-12-03 16:44:46,437 | INFO | val: accuracy:1.0000 | precision:1.0000 | recall:1.0000 | f1:1.0000 | auc:1.0000 | loss:0.0001
2025-12-03 16:44:46,438 | INFO | Epoch 17/30
2025-12-03 16:46:45,590 | INFO | train loss: 0.0001
2025-12-03 16:47:26,075 | INFO | val: accuracy:1.0000 | precision:1.0000 | recall:1.0000 | f1:1.0000 | auc:1.0000 | loss:0.0001
2025-12-03 16:47:26,075 | INFO | Epoch 18/30
2025-12-03 16:49:30,826 | INFO | train loss: 0.0001
2025-12-03 16:50:11,523 | INFO | val: accuracy:1.0000 | precision:1.0000 | recall:1.0000 | f1:1.0000 | auc:1.0000 | loss:0.0001
2025-12-03 16:50:11,523 | INFO | Epoch 19/30
2025-12-03 16:52:17,224 | INFO | train loss: 0.0001
2025-12-03 16:52:57,594 | INFO | val: accuracy:1.0000 | precision:1.0000 | recall:1.0000 | f1:1.0000 | auc:1.0000 | loss:0.0001
2025-12-03 16:52:57,595 | INFO | Epoch 20/30
2025-12-03 16:55:05,587 | INFO | train loss: 0.0001
2025-12-03 16:55:43,168 | INFO | val: accuracy:1.0000 | precision:1.0000 | recall:1.0000 | f1:1.0000 | auc:1.0000 | loss:0.0001
2025-12-03 16:55:43,168 | INFO | Epoch 21/30
2025-12-03 16:57:47,033 | INFO | train loss: 0.0001
2025-12-03 16:58:24,245 | INFO | val: accuracy:1.0000 | precision:1.0000 | recall:1.0000 | f1:1.0000 | auc:1.0000 | loss:0.0001
2025-12-03 16:58:24,245 | INFO | Epoch 22/30
2025-12-03 17:00:22,147 | INFO | train loss: 0.0001
2025-12-03 17:01:01,664 | INFO | val: accuracy:1.0000 | precision:1.0000 | recall:1.0000 | f1:1.0000 | auc:1.0000 | loss:0.0001
2025-12-03 17:01:01,664 | INFO | Epoch 23/30
2025-12-03 17:03:09,680 | INFO | train loss: 0.0001
2025-12-03 17:03:49,764 | INFO | val: accuracy:1.0000 | precision:1.0000 | recall:1.0000 | f1:1.0000 | auc:1.0000 | loss:0.0001
2025-12-03 17:03:49,764 | INFO | Epoch 24/30
2025-12-03 17:05:54,191 | INFO | train loss: 0.0001
2025-12-03 17:06:29,982 | INFO | val: accuracy:1.0000 | precision:1.0000 | recall:1.0000 | f1:1.0000 | auc:1.0000 | loss:0.0001
2025-12-03 17:06:29,982 | INFO | Epoch 25/30
2025-12-03 17:08:32,624 | INFO | train loss: 0.0001
2025-12-03 17:09:09,387 | INFO | val: accuracy:1.0000 | precision:1.0000 | recall:1.0000 | f1:1.0000 | auc:1.0000 | loss:0.0001
2025-12-03 17:09:09,387 | INFO | Epoch 26/30
2025-12-03 17:11:15,605 | INFO | train loss: 0.0001
2025-12-03 17:11:56,031 | INFO | val: accuracy:1.0000 | precision:1.0000 | recall:1.0000 | f1:1.0000 | auc:1.0000 | loss:0.0001
2025-12-03 17:11:56,031 | INFO | Epoch 27/30
2025-12-03 17:13:56,911 | INFO | train loss: 0.0001
2025-12-03 17:14:33,372 | INFO | val: accuracy:1.0000 | precision:1.0000 | recall:1.0000 | f1:1.0000 | auc:1.0000 | loss:0.0001
2025-12-03 17:14:33,372 | INFO | Epoch 28/30
2025-12-03 17:16:34,405 | INFO | train loss: 0.0001
2025-12-03 17:17:10,350 | INFO | val: accuracy:1.0000 | precision:1.0000 | recall:1.0000 | f1:1.0000 | auc:1.0000 | loss:0.0001
2025-12-03 17:17:10,350 | INFO | Epoch 29/30
2025-12-03 17:19:12,653 | INFO | train loss: 0.0001
2025-12-03 17:19:49,944 | INFO | val: accuracy:1.0000 | precision:1.0000 | recall:1.0000 | f1:1.0000 | auc:1.0000 | loss:0.0001
2025-12-03 17:19:49,945 | INFO | Epoch 30/30
2025-12-03 17:21:48,793 | INFO | train loss: 0.0001
2025-12-03 17:22:27,477 | INFO | val: accuracy:1.0000 | precision:1.0000 | recall:1.0000 | f1:1.0000 | auc:1.0000 | loss:0.0001
2025-12-03 17:22:27,478 | INFO | Evaluating on test split
2025-12-03 17:23:09,284 | INFO | test: accuracy:1.0000 | precision:1.0000 | recall:1.0000 | f1:1.0000 | auc:1.0000 | loss:0.0001
2025-12-04 14:10:02,837 | INFO | train split -> total:3050 | conditions[infected:725, uninfected:2325] | labels[label0:2325, label1:725]
2025-12-04 14:10:02,838 | INFO | train sample frames: ['/isilon/datalake/gurcan_rsch/scratch/WSI/zhengjie/DATA/GMU_cell_1023/HBMVEC/Infected_well/no_labels/20251023hbmvecp510x30minintervalinfectedvsuninfected_s5_b2_p18_t0-94_ec.tiff#t32', '/isilon/datalake/gurcan_rsch/scratch/WSI/zhengjie/DATA/GMU_cell_1023/HBMVEC/Infected_well/no_labels/20251023hbmvecp510x30minintervalinfectedvsuninfected_s5_b2_p18_t0-94_ec.tiff#t33', '/isilon/datalake/gurcan_rsch/scratch/WSI/zhengjie/DATA/GMU_cell_1023/HBMVEC/Infected_well/no_labels/20251023hbmvecp510x30minintervalinfectedvsuninfected_s5_b2_p18_t0-94_ec.tiff#t34']
2025-12-04 14:10:02,838 | INFO | val split -> total:366 | conditions[infected:87, uninfected:279] | labels[label0:279, label1:87]
2025-12-04 14:10:02,838 | INFO | val sample frames: ['/isilon/datalake/gurcan_rsch/scratch/WSI/zhengjie/DATA/GMU_cell_1023/HBMVEC/Infected_well/no_labels/20251023hbmvecp510x30minintervalinfectedvsuninfected_s5_b2_p21_t0-94_ec.tiff#t32', '/isilon/datalake/gurcan_rsch/scratch/WSI/zhengjie/DATA/GMU_cell_1023/HBMVEC/Infected_well/no_labels/20251023hbmvecp510x30minintervalinfectedvsuninfected_s5_b2_p21_t0-94_ec.tiff#t33', '/isilon/datalake/gurcan_rsch/scratch/WSI/zhengjie/DATA/GMU_cell_1023/HBMVEC/Infected_well/no_labels/20251023hbmvecp510x30minintervalinfectedvsuninfected_s5_b2_p21_t0-94_ec.tiff#t34']
2025-12-04 14:10:02,838 | INFO | test split -> total:976 | conditions[infected:232, uninfected:744] | labels[label0:744, label1:232]
2025-12-04 14:10:02,838 | INFO | test sample frames: ['/isilon/datalake/gurcan_rsch/scratch/WSI/zhengjie/DATA/GMU_cell_1023/HBMVEC/Infected_well/no_labels/20251023hbmvecp510x30minintervalinfectedvsuninfected_s5_b2_p36_t0-94_ec.tiff#t32', '/isilon/datalake/gurcan_rsch/scratch/WSI/zhengjie/DATA/GMU_cell_1023/HBMVEC/Infected_well/no_labels/20251023hbmvecp510x30minintervalinfectedvsuninfected_s5_b2_p36_t0-94_ec.tiff#t33', '/isilon/datalake/gurcan_rsch/scratch/WSI/zhengjie/DATA/GMU_cell_1023/HBMVEC/Infected_well/no_labels/20251023hbmvecp510x30minintervalinfectedvsuninfected_s5_b2_p36_t0-94_ec.tiff#t34']
2025-12-04 14:10:03,473 | INFO | Epoch 1/30
2025-12-04 14:12:11,254 | INFO | train loss: 0.1722
2025-12-04 14:12:50,812 | INFO | val: accuracy:0.9563 | precision:1.0000 | recall:0.8161 | f1:0.8987 | auc:1.0000 | loss:0.1019
2025-12-04 14:12:52,936 | INFO | New best model with AUC 1.0000
2025-12-04 14:12:52,936 | INFO | Epoch 2/30
2025-12-04 14:15:03,450 | INFO | train loss: 0.0009
2025-12-04 14:15:40,605 | INFO | val: accuracy:0.9727 | precision:1.0000 | recall:0.8851 | f1:0.9390 | auc:1.0000 | loss:0.1125
2025-12-04 14:15:40,606 | INFO | Epoch 3/30
2025-12-04 14:17:48,967 | INFO | train loss: 0.0003
2025-12-04 14:18:27,239 | INFO | val: accuracy:0.9781 | precision:1.0000 | recall:0.9080 | f1:0.9518 | auc:1.0000 | loss:0.0613
2025-12-04 14:18:27,239 | INFO | Epoch 4/30
2025-12-04 14:20:31,005 | INFO | train loss: 0.0002
2025-12-04 14:21:08,843 | INFO | val: accuracy:0.9945 | precision:1.0000 | recall:0.9770 | f1:0.9884 | auc:1.0000 | loss:0.0144
2025-12-04 14:21:08,843 | INFO | Epoch 5/30
2025-12-04 14:23:15,287 | INFO | train loss: 0.0002
2025-12-04 14:23:53,202 | INFO | val: accuracy:1.0000 | precision:1.0000 | recall:1.0000 | f1:1.0000 | auc:1.0000 | loss:0.0003
2025-12-04 14:23:53,202 | INFO | Epoch 6/30
2025-12-04 14:26:00,328 | INFO | train loss: 0.0002
2025-12-04 14:26:33,718 | INFO | val: accuracy:1.0000 | precision:1.0000 | recall:1.0000 | f1:1.0000 | auc:1.0000 | loss:0.0001
2025-12-04 14:26:33,718 | INFO | Epoch 7/30
2025-12-04 14:28:38,824 | INFO | train loss: 0.0002
2025-12-04 14:29:13,697 | INFO | val: accuracy:1.0000 | precision:1.0000 | recall:1.0000 | f1:1.0000 | auc:1.0000 | loss:0.0001
2025-12-04 14:29:13,698 | INFO | Epoch 8/30
2025-12-04 14:31:16,970 | INFO | train loss: 0.0001
2025-12-04 14:31:51,130 | INFO | val: accuracy:1.0000 | precision:1.0000 | recall:1.0000 | f1:1.0000 | auc:1.0000 | loss:0.0001
2025-12-04 14:31:51,130 | INFO | Epoch 9/30
2025-12-04 14:33:50,479 | INFO | train loss: 0.0001
2025-12-04 14:34:26,013 | INFO | val: accuracy:1.0000 | precision:1.0000 | recall:1.0000 | f1:1.0000 | auc:1.0000 | loss:0.0001
2025-12-04 14:34:26,013 | INFO | Epoch 10/30
