2025-12-12 13:26:22,643 | INFO | ============================================================
2025-12-12 13:26:22,644 | INFO | Sliding Window Training Analysis
2025-12-12 13:26:22,644 | INFO | ============================================================
2025-12-12 13:26:22,673 | INFO | Device: cuda
2025-12-12 13:26:22,673 | INFO | K-folds: 5
2025-12-12 13:26:22,673 | INFO | ✓ Match uninfected window: ENABLED (infected and uninfected use same time window)
2025-12-12 13:26:22,673 | INFO | Auto-generated 14 windows: start=1.0h, end=46.0h, size=6.0h, stride=3.0h
2025-12-12 13:26:22,673 | INFO | Evaluating metrics: auc, accuracy, f1
2025-12-12 13:26:22,673 | INFO | Will train 14 models (one per window) with 5-fold CV
2025-12-12 13:26:22,673 | INFO | Total training runs: 70
2025-12-12 13:26:22,673 | INFO | ============================================================
2025-12-12 13:26:22,673 | INFO | 
[1/14] Training window [1.0, 7.0]h (center=4.0)
2025-12-12 13:26:22,673 | INFO | [Window 1.0-7.0h] Training fold_01of05
2025-12-12 13:27:54,134 | INFO | train loss: 0.4346
2025-12-12 13:28:56,407 | INFO | val threshold sweep:
  thr=0.10 | P=0.23 | R=0.95 | F1=0.38 | TP=74
  thr=0.15 | P=0.76 | R=0.21 | F1=0.32 | TP=16
  thr=0.20 | P=1.00 | R=0.03 | F1=0.05 | TP=2
  thr=0.25 | P=1.00 | R=0.01 | F1=0.03 | TP=1
  thr=0.30 | P=0.00 | R=0.00 | F1=0.00 | TP=0
  thr=0.50 | P=0.00 | R=0.00 | F1=0.00 | TP=0
2025-12-12 13:28:56,413 | INFO | val time bin [0.0h, 8.0h): samples=174 | accuracy:0.552 | precision:0.000 | recall:0.000 | f1:0.000 | auc:0.741
2025-12-12 13:28:56,417 | INFO | val time bin [8.0h, 12.0h): samples=48 | accuracy:1.000 | precision:0.000 | recall:0.000 | f1:0.000 | auc:nan
2025-12-12 13:28:56,422 | INFO | val time bin [12.0h, 16.0h): samples=48 | accuracy:1.000 | precision:0.000 | recall:0.000 | f1:0.000 | auc:nan
2025-12-12 13:28:56,426 | INFO | val time bin [16.0h, 24.0h): samples=96 | accuracy:1.000 | precision:0.000 | recall:0.000 | f1:0.000 | auc:nan
2025-12-12 13:28:56,430 | INFO | val time bin [24.0h, 32.0h): samples=96 | accuracy:1.000 | precision:0.000 | recall:0.000 | f1:0.000 | auc:nan
2025-12-12 13:28:56,430 | INFO | val: accuracy:0.8774 | precision:0.0000 | recall:0.0000 | f1:0.0000 | auc:0.8880 | loss:0.3412
2025-12-12 13:29:58,048 | INFO | test threshold sweep:
  thr=0.10 | P=0.25 | R=0.94 | F1=0.40 | TP=98
  thr=0.15 | P=1.00 | R=0.08 | F1=0.14 | TP=8
  thr=0.20 | P=1.00 | R=0.01 | F1=0.02 | TP=1
  thr=0.25 | P=0.00 | R=0.00 | F1=0.00 | TP=0
  thr=0.30 | P=0.00 | R=0.00 | F1=0.00 | TP=0
  thr=0.50 | P=0.00 | R=0.00 | F1=0.00 | TP=0
2025-12-12 13:29:58,055 | INFO | test time bin [0.0h, 8.0h): samples=232 | accuracy:0.552 | precision:0.000 | recall:0.000 | f1:0.000 | auc:0.786
2025-12-12 13:29:58,059 | INFO | test time bin [8.0h, 12.0h): samples=64 | accuracy:1.000 | precision:0.000 | recall:0.000 | f1:0.000 | auc:nan
2025-12-12 13:29:58,063 | INFO | test time bin [12.0h, 16.0h): samples=64 | accuracy:1.000 | precision:0.000 | recall:0.000 | f1:0.000 | auc:nan
2025-12-12 13:29:58,068 | INFO | test time bin [16.0h, 24.0h): samples=128 | accuracy:1.000 | precision:0.000 | recall:0.000 | f1:0.000 | auc:nan
2025-12-12 13:29:58,072 | INFO | test time bin [24.0h, 32.0h): samples=128 | accuracy:1.000 | precision:0.000 | recall:0.000 | f1:0.000 | auc:nan
2025-12-12 13:29:58,072 | INFO | test: accuracy:0.8774 | precision:0.0000 | recall:0.0000 | f1:0.0000 | auc:0.9026 | loss:0.3465
2025-12-12 13:29:59,758 | INFO | Saved checkpoint: outputs/sliding_window_analysis/20251212-132622/checkpoints/window_1-7/fold_01_best.pth
2025-12-12 13:31:32,812 | INFO | train loss: 0.0615
2025-12-12 13:32:32,333 | INFO | val threshold sweep:
  thr=0.10 | P=0.00 | R=0.00 | F1=0.00 | TP=0
  thr=0.15 | P=0.00 | R=0.00 | F1=0.00 | TP=0
  thr=0.20 | P=0.00 | R=0.00 | F1=0.00 | TP=0
  thr=0.25 | P=0.00 | R=0.00 | F1=0.00 | TP=0
  thr=0.30 | P=0.00 | R=0.00 | F1=0.00 | TP=0
  thr=0.50 | P=0.00 | R=0.00 | F1=0.00 | TP=0
2025-12-12 13:32:32,338 | INFO | val time bin [0.0h, 8.0h): samples=174 | accuracy:0.552 | precision:0.000 | recall:0.000 | f1:0.000 | auc:0.783
2025-12-12 13:32:32,343 | INFO | val time bin [8.0h, 12.0h): samples=48 | accuracy:1.000 | precision:0.000 | recall:0.000 | f1:0.000 | auc:nan
2025-12-12 13:32:32,347 | INFO | val time bin [12.0h, 16.0h): samples=48 | accuracy:1.000 | precision:0.000 | recall:0.000 | f1:0.000 | auc:nan
2025-12-12 13:32:32,351 | INFO | val time bin [16.0h, 24.0h): samples=96 | accuracy:1.000 | precision:0.000 | recall:0.000 | f1:0.000 | auc:nan
2025-12-12 13:32:32,355 | INFO | val time bin [24.0h, 32.0h): samples=96 | accuracy:1.000 | precision:0.000 | recall:0.000 | f1:0.000 | auc:nan
2025-12-12 13:32:32,356 | INFO | val: accuracy:0.8774 | precision:0.0000 | recall:0.0000 | f1:0.0000 | auc:0.9320 | loss:0.6139
2025-12-12 13:33:32,660 | INFO | test threshold sweep:
  thr=0.10 | P=0.00 | R=0.00 | F1=0.00 | TP=0
  thr=0.15 | P=0.00 | R=0.00 | F1=0.00 | TP=0
  thr=0.20 | P=0.00 | R=0.00 | F1=0.00 | TP=0
  thr=0.25 | P=0.00 | R=0.00 | F1=0.00 | TP=0
  thr=0.30 | P=0.00 | R=0.00 | F1=0.00 | TP=0
  thr=0.50 | P=0.00 | R=0.00 | F1=0.00 | TP=0
2025-12-12 13:33:32,665 | INFO | test time bin [0.0h, 8.0h): samples=232 | accuracy:0.552 | precision:0.000 | recall:0.000 | f1:0.000 | auc:0.856
2025-12-12 13:33:32,669 | INFO | test time bin [8.0h, 12.0h): samples=64 | accuracy:1.000 | precision:0.000 | recall:0.000 | f1:0.000 | auc:nan
2025-12-12 13:33:32,674 | INFO | test time bin [12.0h, 16.0h): samples=64 | accuracy:1.000 | precision:0.000 | recall:0.000 | f1:0.000 | auc:nan
2025-12-12 13:33:32,678 | INFO | test time bin [16.0h, 24.0h): samples=128 | accuracy:1.000 | precision:0.000 | recall:0.000 | f1:0.000 | auc:nan
2025-12-12 13:33:32,682 | INFO | test time bin [24.0h, 32.0h): samples=128 | accuracy:1.000 | precision:0.000 | recall:0.000 | f1:0.000 | auc:nan
2025-12-12 13:33:32,682 | INFO | test: accuracy:0.8774 | precision:0.0000 | recall:0.0000 | f1:0.0000 | auc:0.9628 | loss:0.6167
2025-12-12 13:33:34,310 | INFO | Saved checkpoint: outputs/sliding_window_analysis/20251212-132622/checkpoints/window_1-7/fold_01_best.pth
2025-12-12 13:35:03,667 | INFO | train loss: 0.0284
2025-12-12 13:36:01,540 | INFO | val threshold sweep:
  thr=0.10 | P=0.00 | R=0.00 | F1=0.00 | TP=0
  thr=0.15 | P=0.00 | R=0.00 | F1=0.00 | TP=0
  thr=0.20 | P=0.00 | R=0.00 | F1=0.00 | TP=0
  thr=0.25 | P=0.00 | R=0.00 | F1=0.00 | TP=0
  thr=0.30 | P=0.00 | R=0.00 | F1=0.00 | TP=0
  thr=0.50 | P=0.00 | R=0.00 | F1=0.00 | TP=0
2025-12-12 13:36:01,545 | INFO | val time bin [0.0h, 8.0h): samples=174 | accuracy:0.552 | precision:0.000 | recall:0.000 | f1:0.000 | auc:0.866
2025-12-12 13:36:01,550 | INFO | val time bin [8.0h, 12.0h): samples=48 | accuracy:1.000 | precision:0.000 | recall:0.000 | f1:0.000 | auc:nan
2025-12-12 13:36:01,554 | INFO | val time bin [12.0h, 16.0h): samples=48 | accuracy:1.000 | precision:0.000 | recall:0.000 | f1:0.000 | auc:nan
2025-12-12 13:36:01,558 | INFO | val time bin [16.0h, 24.0h): samples=96 | accuracy:1.000 | precision:0.000 | recall:0.000 | f1:0.000 | auc:nan
2025-12-12 13:36:01,563 | INFO | val time bin [24.0h, 32.0h): samples=96 | accuracy:1.000 | precision:0.000 | recall:0.000 | f1:0.000 | auc:nan
2025-12-12 13:36:01,563 | INFO | val: accuracy:0.8774 | precision:0.0000 | recall:0.0000 | f1:0.0000 | auc:0.9507 | loss:0.7431
2025-12-12 13:36:59,682 | INFO | test threshold sweep:
  thr=0.10 | P=0.00 | R=0.00 | F1=0.00 | TP=0
  thr=0.15 | P=0.00 | R=0.00 | F1=0.00 | TP=0
  thr=0.20 | P=0.00 | R=0.00 | F1=0.00 | TP=0
  thr=0.25 | P=0.00 | R=0.00 | F1=0.00 | TP=0
  thr=0.30 | P=0.00 | R=0.00 | F1=0.00 | TP=0
  thr=0.50 | P=0.00 | R=0.00 | F1=0.00 | TP=0
2025-12-12 13:36:59,687 | INFO | test time bin [0.0h, 8.0h): samples=232 | accuracy:0.552 | precision:0.000 | recall:0.000 | f1:0.000 | auc:0.954
2025-12-12 13:36:59,692 | INFO | test time bin [8.0h, 12.0h): samples=64 | accuracy:1.000 | precision:0.000 | recall:0.000 | f1:0.000 | auc:nan
2025-12-12 13:36:59,696 | INFO | test time bin [12.0h, 16.0h): samples=64 | accuracy:1.000 | precision:0.000 | recall:0.000 | f1:0.000 | auc:nan
2025-12-12 13:36:59,700 | INFO | test time bin [16.0h, 24.0h): samples=128 | accuracy:1.000 | precision:0.000 | recall:0.000 | f1:0.000 | auc:nan
2025-12-12 13:36:59,705 | INFO | test time bin [24.0h, 32.0h): samples=128 | accuracy:1.000 | precision:0.000 | recall:0.000 | f1:0.000 | auc:nan
2025-12-12 13:36:59,705 | INFO | test: accuracy:0.8774 | precision:0.0000 | recall:0.0000 | f1:0.0000 | auc:0.9856 | loss:0.7624
2025-12-12 13:37:01,290 | INFO | Saved checkpoint: outputs/sliding_window_analysis/20251212-132622/checkpoints/window_1-7/fold_01_best.pth
2025-12-12 13:38:31,099 | INFO | train loss: 0.0154
2025-12-12 13:39:30,818 | INFO | val threshold sweep:
  thr=0.10 | P=0.00 | R=0.00 | F1=0.00 | TP=0
  thr=0.15 | P=0.00 | R=0.00 | F1=0.00 | TP=0
  thr=0.20 | P=0.00 | R=0.00 | F1=0.00 | TP=0
  thr=0.25 | P=0.00 | R=0.00 | F1=0.00 | TP=0
  thr=0.30 | P=0.00 | R=0.00 | F1=0.00 | TP=0
  thr=0.50 | P=0.00 | R=0.00 | F1=0.00 | TP=0
2025-12-12 13:39:30,823 | INFO | val time bin [0.0h, 8.0h): samples=174 | accuracy:0.552 | precision:0.000 | recall:0.000 | f1:0.000 | auc:0.878
2025-12-12 13:39:30,827 | INFO | val time bin [8.0h, 12.0h): samples=48 | accuracy:1.000 | precision:0.000 | recall:0.000 | f1:0.000 | auc:nan
2025-12-12 13:39:30,831 | INFO | val time bin [12.0h, 16.0h): samples=48 | accuracy:1.000 | precision:0.000 | recall:0.000 | f1:0.000 | auc:nan
2025-12-12 13:39:30,836 | INFO | val time bin [16.0h, 24.0h): samples=96 | accuracy:1.000 | precision:0.000 | recall:0.000 | f1:0.000 | auc:nan
2025-12-12 13:39:30,840 | INFO | val time bin [24.0h, 32.0h): samples=96 | accuracy:1.000 | precision:0.000 | recall:0.000 | f1:0.000 | auc:nan
2025-12-12 13:39:30,840 | INFO | val: accuracy:0.8774 | precision:0.0000 | recall:0.0000 | f1:0.0000 | auc:0.9415 | loss:0.9016
2025-12-12 13:41:00,307 | INFO | train loss: 0.0115
2025-12-12 13:42:00,366 | INFO | val threshold sweep:
  thr=0.10 | P=1.00 | R=0.40 | F1=0.57 | TP=31
  thr=0.15 | P=1.00 | R=0.35 | F1=0.51 | TP=27
  thr=0.20 | P=1.00 | R=0.29 | F1=0.46 | TP=23
  thr=0.25 | P=1.00 | R=0.28 | F1=0.44 | TP=22
  thr=0.30 | P=1.00 | R=0.24 | F1=0.39 | TP=19
  thr=0.50 | P=1.00 | R=0.17 | F1=0.29 | TP=13
2025-12-12 13:42:00,371 | INFO | val time bin [0.0h, 8.0h): samples=174 | accuracy:0.626 | precision:1.000 | recall:0.167 | f1:0.286 | auc:0.951
2025-12-12 13:42:00,375 | INFO | val time bin [8.0h, 12.0h): samples=48 | accuracy:1.000 | precision:0.000 | recall:0.000 | f1:0.000 | auc:nan
2025-12-12 13:42:00,380 | INFO | val time bin [12.0h, 16.0h): samples=48 | accuracy:1.000 | precision:0.000 | recall:0.000 | f1:0.000 | auc:nan
2025-12-12 13:42:00,384 | INFO | val time bin [16.0h, 24.0h): samples=96 | accuracy:1.000 | precision:0.000 | recall:0.000 | f1:0.000 | auc:nan
2025-12-12 13:42:00,388 | INFO | val time bin [24.0h, 32.0h): samples=96 | accuracy:1.000 | precision:0.000 | recall:0.000 | f1:0.000 | auc:nan
2025-12-12 13:42:00,388 | INFO | val: accuracy:0.8978 | precision:1.0000 | recall:0.1667 | f1:0.2857 | auc:0.9860 | loss:0.3600
2025-12-12 13:42:59,025 | INFO | test threshold sweep:
  thr=0.10 | P=1.00 | R=0.32 | F1=0.48 | TP=33
  thr=0.15 | P=1.00 | R=0.22 | F1=0.36 | TP=23
  thr=0.20 | P=1.00 | R=0.19 | F1=0.32 | TP=20
  thr=0.25 | P=1.00 | R=0.19 | F1=0.32 | TP=20
  thr=0.30 | P=1.00 | R=0.18 | F1=0.31 | TP=19
  thr=0.50 | P=1.00 | R=0.11 | F1=0.19 | TP=11
2025-12-12 13:42:59,030 | INFO | test time bin [0.0h, 8.0h): samples=232 | accuracy:0.599 | precision:1.000 | recall:0.106 | f1:0.191 | auc:0.990
2025-12-12 13:42:59,035 | INFO | test time bin [8.0h, 12.0h): samples=64 | accuracy:1.000 | precision:0.000 | recall:0.000 | f1:0.000 | auc:nan
2025-12-12 13:42:59,039 | INFO | test time bin [12.0h, 16.0h): samples=64 | accuracy:1.000 | precision:0.000 | recall:0.000 | f1:0.000 | auc:nan
2025-12-12 13:42:59,043 | INFO | test time bin [16.0h, 24.0h): samples=128 | accuracy:1.000 | precision:0.000 | recall:0.000 | f1:0.000 | auc:nan
2025-12-12 13:42:59,048 | INFO | test time bin [24.0h, 32.0h): samples=128 | accuracy:1.000 | precision:0.000 | recall:0.000 | f1:0.000 | auc:nan
2025-12-12 13:42:59,048 | INFO | test: accuracy:0.8903 | precision:1.0000 | recall:0.1058 | f1:0.1913 | auc:0.9957 | loss:0.4151
2025-12-12 13:43:00,775 | INFO | Saved checkpoint: outputs/sliding_window_analysis/20251212-132622/checkpoints/window_1-7/fold_01_best.pth
2025-12-12 13:44:32,386 | INFO | train loss: 0.0109
2025-12-12 13:45:29,381 | INFO | val threshold sweep:
  thr=0.10 | P=0.94 | R=0.82 | F1=0.88 | TP=64
  thr=0.15 | P=0.94 | R=0.79 | F1=0.86 | TP=62
  thr=0.20 | P=0.97 | R=0.77 | F1=0.86 | TP=60
  thr=0.25 | P=0.98 | R=0.76 | F1=0.86 | TP=59
  thr=0.30 | P=1.00 | R=0.73 | F1=0.84 | TP=57
  thr=0.50 | P=1.00 | R=0.67 | F1=0.80 | TP=52
2025-12-12 13:45:29,386 | INFO | val time bin [0.0h, 8.0h): samples=174 | accuracy:0.851 | precision:1.000 | recall:0.667 | f1:0.800 | auc:0.979
2025-12-12 13:45:29,391 | INFO | val time bin [8.0h, 12.0h): samples=48 | accuracy:1.000 | precision:0.000 | recall:0.000 | f1:0.000 | auc:nan
2025-12-12 13:45:29,395 | INFO | val time bin [12.0h, 16.0h): samples=48 | accuracy:1.000 | precision:0.000 | recall:0.000 | f1:0.000 | auc:nan
2025-12-12 13:45:29,399 | INFO | val time bin [16.0h, 24.0h): samples=96 | accuracy:1.000 | precision:0.000 | recall:0.000 | f1:0.000 | auc:nan
2025-12-12 13:45:29,403 | INFO | val time bin [24.0h, 32.0h): samples=96 | accuracy:1.000 | precision:0.000 | recall:0.000 | f1:0.000 | auc:nan
2025-12-12 13:45:29,403 | INFO | val: accuracy:0.9591 | precision:1.0000 | recall:0.6667 | f1:0.8000 | auc:0.9949 | loss:0.1225
2025-12-12 13:46:31,028 | INFO | test threshold sweep:
  thr=0.10 | P=1.00 | R=0.80 | F1=0.89 | TP=83
  thr=0.15 | P=1.00 | R=0.71 | F1=0.83 | TP=74
  thr=0.20 | P=1.00 | R=0.69 | F1=0.82 | TP=72
  thr=0.25 | P=1.00 | R=0.66 | F1=0.80 | TP=69
  thr=0.30 | P=1.00 | R=0.64 | F1=0.78 | TP=67
  thr=0.50 | P=1.00 | R=0.53 | F1=0.69 | TP=55
2025-12-12 13:46:31,033 | INFO | test time bin [0.0h, 8.0h): samples=232 | accuracy:0.789 | precision:1.000 | recall:0.529 | f1:0.692 | auc:0.995
2025-12-12 13:46:31,037 | INFO | test time bin [8.0h, 12.0h): samples=64 | accuracy:1.000 | precision:0.000 | recall:0.000 | f1:0.000 | auc:nan
2025-12-12 13:46:31,042 | INFO | test time bin [12.0h, 16.0h): samples=64 | accuracy:1.000 | precision:0.000 | recall:0.000 | f1:0.000 | auc:nan
2025-12-12 13:46:31,046 | INFO | test time bin [16.0h, 24.0h): samples=128 | accuracy:1.000 | precision:0.000 | recall:0.000 | f1:0.000 | auc:nan
2025-12-12 13:46:31,050 | INFO | test time bin [24.0h, 32.0h): samples=128 | accuracy:1.000 | precision:0.000 | recall:0.000 | f1:0.000 | auc:nan
2025-12-12 13:46:31,050 | INFO | test: accuracy:0.9422 | precision:1.0000 | recall:0.5288 | f1:0.6918 | auc:0.9966 | loss:0.1681
2025-12-12 13:46:32,843 | INFO | Saved checkpoint: outputs/sliding_window_analysis/20251212-132622/checkpoints/window_1-7/fold_01_best.pth
2025-12-12 13:48:05,751 | INFO | train loss: 0.0114
2025-12-12 13:49:03,850 | INFO | val threshold sweep:
  thr=0.10 | P=0.88 | R=0.90 | F1=0.89 | TP=70
  thr=0.15 | P=0.87 | R=0.88 | F1=0.88 | TP=69
  thr=0.20 | P=0.88 | R=0.86 | F1=0.87 | TP=67
  thr=0.25 | P=0.89 | R=0.85 | F1=0.87 | TP=66
  thr=0.30 | P=0.89 | R=0.83 | F1=0.86 | TP=65
  thr=0.50 | P=0.92 | R=0.78 | F1=0.85 | TP=61
2025-12-12 13:49:03,855 | INFO | val time bin [0.0h, 8.0h): samples=174 | accuracy:0.874 | precision:0.924 | recall:0.782 | f1:0.847 | auc:0.972
2025-12-12 13:49:03,860 | INFO | val time bin [8.0h, 12.0h): samples=48 | accuracy:1.000 | precision:0.000 | recall:0.000 | f1:0.000 | auc:nan
2025-12-12 13:49:03,864 | INFO | val time bin [12.0h, 16.0h): samples=48 | accuracy:1.000 | precision:0.000 | recall:0.000 | f1:0.000 | auc:nan
2025-12-12 13:49:03,868 | INFO | val time bin [16.0h, 24.0h): samples=96 | accuracy:1.000 | precision:0.000 | recall:0.000 | f1:0.000 | auc:nan
2025-12-12 13:49:03,872 | INFO | val time bin [24.0h, 32.0h): samples=96 | accuracy:1.000 | precision:0.000 | recall:0.000 | f1:0.000 | auc:nan
2025-12-12 13:49:03,873 | INFO | val: accuracy:0.9654 | precision:0.9242 | recall:0.7821 | f1:0.8472 | auc:0.9946 | loss:0.0824
2025-12-12 13:50:36,269 | INFO | train loss: 0.0076
2025-12-12 13:51:33,884 | INFO | val threshold sweep:
  thr=0.10 | P=1.00 | R=0.68 | F1=0.81 | TP=53
  thr=0.15 | P=1.00 | R=0.67 | F1=0.80 | TP=52
  thr=0.20 | P=1.00 | R=0.64 | F1=0.78 | TP=50
  thr=0.25 | P=1.00 | R=0.62 | F1=0.76 | TP=48
  thr=0.30 | P=1.00 | R=0.60 | F1=0.75 | TP=47
  thr=0.50 | P=1.00 | R=0.59 | F1=0.74 | TP=46
2025-12-12 13:51:33,889 | INFO | val time bin [0.0h, 8.0h): samples=174 | accuracy:0.816 | precision:1.000 | recall:0.590 | f1:0.742 | auc:0.992
2025-12-12 13:51:33,894 | INFO | val time bin [8.0h, 12.0h): samples=48 | accuracy:1.000 | precision:0.000 | recall:0.000 | f1:0.000 | auc:nan
2025-12-12 13:51:33,898 | INFO | val time bin [12.0h, 16.0h): samples=48 | accuracy:1.000 | precision:0.000 | recall:0.000 | f1:0.000 | auc:nan
2025-12-12 13:51:33,902 | INFO | val time bin [16.0h, 24.0h): samples=96 | accuracy:1.000 | precision:0.000 | recall:0.000 | f1:0.000 | auc:nan
2025-12-12 13:51:33,906 | INFO | val time bin [24.0h, 32.0h): samples=96 | accuracy:1.000 | precision:0.000 | recall:0.000 | f1:0.000 | auc:nan
2025-12-12 13:51:33,906 | INFO | val: accuracy:0.9497 | precision:1.0000 | recall:0.5897 | f1:0.7419 | auc:0.9979 | loss:0.2132
2025-12-12 13:52:32,516 | INFO | test threshold sweep:
  thr=0.10 | P=1.00 | R=0.72 | F1=0.84 | TP=75
  thr=0.15 | P=1.00 | R=0.70 | F1=0.82 | TP=73
  thr=0.20 | P=1.00 | R=0.69 | F1=0.82 | TP=72
  thr=0.25 | P=1.00 | R=0.69 | F1=0.82 | TP=72
  thr=0.30 | P=1.00 | R=0.69 | F1=0.82 | TP=72
  thr=0.50 | P=1.00 | R=0.60 | F1=0.75 | TP=62
2025-12-12 13:52:32,521 | INFO | test time bin [0.0h, 8.0h): samples=232 | accuracy:0.819 | precision:1.000 | recall:0.596 | f1:0.747 | auc:0.982
2025-12-12 13:52:32,525 | INFO | test time bin [8.0h, 12.0h): samples=64 | accuracy:1.000 | precision:0.000 | recall:0.000 | f1:0.000 | auc:nan
2025-12-12 13:52:32,529 | INFO | test time bin [12.0h, 16.0h): samples=64 | accuracy:1.000 | precision:0.000 | recall:0.000 | f1:0.000 | auc:nan
2025-12-12 13:52:32,533 | INFO | test time bin [16.0h, 24.0h): samples=128 | accuracy:1.000 | precision:0.000 | recall:0.000 | f1:0.000 | auc:nan
2025-12-12 13:52:32,538 | INFO | test time bin [24.0h, 32.0h): samples=128 | accuracy:1.000 | precision:0.000 | recall:0.000 | f1:0.000 | auc:nan
2025-12-12 13:52:32,538 | INFO | test: accuracy:0.9505 | precision:1.0000 | recall:0.5962 | f1:0.7470 | auc:0.9929 | loss:0.2411
2025-12-12 13:52:34,582 | INFO | Saved checkpoint: outputs/sliding_window_analysis/20251212-132622/checkpoints/window_1-7/fold_01_best.pth
2025-12-12 13:54:07,963 | INFO | train loss: 0.0067
2025-12-12 13:55:06,324 | INFO | val threshold sweep:
  thr=0.10 | P=0.80 | R=0.94 | F1=0.86 | TP=73
  thr=0.15 | P=0.80 | R=0.90 | F1=0.85 | TP=70
  thr=0.20 | P=0.82 | R=0.90 | F1=0.86 | TP=70
  thr=0.25 | P=0.84 | R=0.88 | F1=0.86 | TP=69
  thr=0.30 | P=0.84 | R=0.88 | F1=0.86 | TP=69
  thr=0.50 | P=0.86 | R=0.87 | F1=0.87 | TP=68
2025-12-12 13:55:06,329 | INFO | val time bin [0.0h, 8.0h): samples=174 | accuracy:0.897 | precision:0.895 | recall:0.872 | f1:0.883 | auc:0.976
2025-12-12 13:55:06,334 | INFO | val time bin [8.0h, 12.0h): samples=48 | accuracy:0.958 | precision:0.000 | recall:0.000 | f1:0.000 | auc:nan
2025-12-12 13:55:06,338 | INFO | val time bin [12.0h, 16.0h): samples=48 | accuracy:0.979 | precision:0.000 | recall:0.000 | f1:0.000 | auc:nan
2025-12-12 13:55:06,342 | INFO | val time bin [16.0h, 24.0h): samples=96 | accuracy:1.000 | precision:0.000 | recall:0.000 | f1:0.000 | auc:nan
2025-12-12 13:55:06,346 | INFO | val time bin [24.0h, 32.0h): samples=96 | accuracy:1.000 | precision:0.000 | recall:0.000 | f1:0.000 | auc:nan
2025-12-12 13:55:06,347 | INFO | val: accuracy:0.9670 | precision:0.8608 | recall:0.8718 | f1:0.8662 | auc:0.9936 | loss:0.0812
2025-12-12 13:56:36,679 | INFO | train loss: 0.0035
2025-12-12 13:57:34,958 | INFO | val threshold sweep:
  thr=0.10 | P=0.85 | R=0.96 | F1=0.90 | TP=75
  thr=0.15 | P=0.86 | R=0.94 | F1=0.90 | TP=73
  thr=0.20 | P=0.89 | R=0.91 | F1=0.90 | TP=71
  thr=0.25 | P=0.91 | R=0.87 | F1=0.89 | TP=68
  thr=0.30 | P=0.91 | R=0.87 | F1=0.89 | TP=68
  thr=0.50 | P=0.92 | R=0.85 | F1=0.88 | TP=66
2025-12-12 13:57:34,963 | INFO | val time bin [0.0h, 8.0h): samples=174 | accuracy:0.897 | precision:0.917 | recall:0.846 | f1:0.880 | auc:0.984
2025-12-12 13:57:34,968 | INFO | val time bin [8.0h, 12.0h): samples=48 | accuracy:1.000 | precision:0.000 | recall:0.000 | f1:0.000 | auc:nan
2025-12-12 13:57:34,972 | INFO | val time bin [12.0h, 16.0h): samples=48 | accuracy:1.000 | precision:0.000 | recall:0.000 | f1:0.000 | auc:nan
2025-12-12 13:57:34,976 | INFO | val time bin [16.0h, 24.0h): samples=96 | accuracy:1.000 | precision:0.000 | recall:0.000 | f1:0.000 | auc:nan
2025-12-12 13:57:34,980 | INFO | val time bin [24.0h, 32.0h): samples=96 | accuracy:1.000 | precision:0.000 | recall:0.000 | f1:0.000 | auc:nan
2025-12-12 13:57:34,980 | INFO | val: accuracy:0.9717 | precision:0.9167 | recall:0.8462 | f1:0.8800 | auc:0.9962 | loss:0.0623
2025-12-12 13:57:35,007 | INFO | [Window 1.0-7.0h] Training fold_02of05
2025-12-12 13:59:08,879 | INFO | train loss: 0.4193
2025-12-12 14:00:08,057 | INFO | val threshold sweep:
  thr=0.10 | P=0.40 | R=0.99 | F1=0.57 | TP=77
  thr=0.15 | P=1.00 | R=0.01 | F1=0.03 | TP=1
  thr=0.20 | P=0.00 | R=0.00 | F1=0.00 | TP=0
  thr=0.25 | P=0.00 | R=0.00 | F1=0.00 | TP=0
  thr=0.30 | P=0.00 | R=0.00 | F1=0.00 | TP=0
  thr=0.50 | P=0.00 | R=0.00 | F1=0.00 | TP=0
2025-12-12 14:00:08,062 | INFO | val time bin [0.0h, 8.0h): samples=158 | accuracy:0.506 | precision:0.000 | recall:0.000 | f1:0.000 | auc:0.953
2025-12-12 14:00:08,067 | INFO | val time bin [8.0h, 12.0h): samples=40 | accuracy:1.000 | precision:0.000 | recall:0.000 | f1:0.000 | auc:nan
2025-12-12 14:00:08,071 | INFO | val time bin [12.0h, 16.0h): samples=40 | accuracy:1.000 | precision:0.000 | recall:0.000 | f1:0.000 | auc:nan
2025-12-12 14:00:08,075 | INFO | val time bin [16.0h, 24.0h): samples=80 | accuracy:1.000 | precision:0.000 | recall:0.000 | f1:0.000 | auc:nan
2025-12-12 14:00:08,079 | INFO | val time bin [24.0h, 32.0h): samples=80 | accuracy:1.000 | precision:0.000 | recall:0.000 | f1:0.000 | auc:nan
2025-12-12 14:00:08,079 | INFO | val: accuracy:0.8564 | precision:0.0000 | recall:0.0000 | f1:0.0000 | auc:0.9647 | loss:0.3951
2025-12-12 14:01:09,012 | INFO | test threshold sweep:
  thr=0.10 | P=0.27 | R=0.97 | F1=0.42 | TP=101
  thr=0.15 | P=0.00 | R=0.00 | F1=0.00 | TP=0
  thr=0.20 | P=0.00 | R=0.00 | F1=0.00 | TP=0
  thr=0.25 | P=0.00 | R=0.00 | F1=0.00 | TP=0
  thr=0.30 | P=0.00 | R=0.00 | F1=0.00 | TP=0
  thr=0.50 | P=0.00 | R=0.00 | F1=0.00 | TP=0
2025-12-12 14:01:09,017 | INFO | test time bin [0.0h, 8.0h): samples=232 | accuracy:0.552 | precision:0.000 | recall:0.000 | f1:0.000 | auc:0.927
2025-12-12 14:01:09,021 | INFO | test time bin [8.0h, 12.0h): samples=64 | accuracy:1.000 | precision:0.000 | recall:0.000 | f1:0.000 | auc:nan
2025-12-12 14:01:09,025 | INFO | test time bin [12.0h, 16.0h): samples=64 | accuracy:1.000 | precision:0.000 | recall:0.000 | f1:0.000 | auc:nan
2025-12-12 14:01:09,029 | INFO | test time bin [16.0h, 24.0h): samples=128 | accuracy:1.000 | precision:0.000 | recall:0.000 | f1:0.000 | auc:nan
2025-12-12 14:01:09,034 | INFO | test time bin [24.0h, 32.0h): samples=128 | accuracy:1.000 | precision:0.000 | recall:0.000 | f1:0.000 | auc:nan
2025-12-12 14:01:09,034 | INFO | test: accuracy:0.8774 | precision:0.0000 | recall:0.0000 | f1:0.0000 | auc:0.9488 | loss:0.3542
2025-12-12 14:01:11,018 | INFO | Saved checkpoint: outputs/sliding_window_analysis/20251212-132622/checkpoints/window_1-7/fold_02_best.pth
2025-12-12 14:02:43,105 | INFO | train loss: 0.0754
2025-12-12 14:03:40,370 | INFO | val threshold sweep:
  thr=0.10 | P=0.00 | R=0.00 | F1=0.00 | TP=0
  thr=0.15 | P=0.00 | R=0.00 | F1=0.00 | TP=0
  thr=0.20 | P=0.00 | R=0.00 | F1=0.00 | TP=0
  thr=0.25 | P=0.00 | R=0.00 | F1=0.00 | TP=0
  thr=0.30 | P=0.00 | R=0.00 | F1=0.00 | TP=0
  thr=0.50 | P=0.00 | R=0.00 | F1=0.00 | TP=0
2025-12-12 14:03:40,375 | INFO | val time bin [0.0h, 8.0h): samples=158 | accuracy:0.506 | precision:0.000 | recall:0.000 | f1:0.000 | auc:0.978
2025-12-12 14:03:40,379 | INFO | val time bin [8.0h, 12.0h): samples=40 | accuracy:1.000 | precision:0.000 | recall:0.000 | f1:0.000 | auc:nan
2025-12-12 14:03:40,383 | INFO | val time bin [12.0h, 16.0h): samples=40 | accuracy:1.000 | precision:0.000 | recall:0.000 | f1:0.000 | auc:nan
2025-12-12 14:03:40,388 | INFO | val time bin [16.0h, 24.0h): samples=80 | accuracy:1.000 | precision:0.000 | recall:0.000 | f1:0.000 | auc:nan
2025-12-12 14:03:40,392 | INFO | val time bin [24.0h, 32.0h): samples=80 | accuracy:1.000 | precision:0.000 | recall:0.000 | f1:0.000 | auc:nan
2025-12-12 14:03:40,392 | INFO | val: accuracy:0.8564 | precision:0.0000 | recall:0.0000 | f1:0.0000 | auc:0.9564 | loss:0.7656
2025-12-12 14:05:12,749 | INFO | train loss: 0.0329
2025-12-12 14:06:11,262 | INFO | val threshold sweep:
  thr=0.10 | P=0.00 | R=0.00 | F1=0.00 | TP=0
  thr=0.15 | P=0.00 | R=0.00 | F1=0.00 | TP=0
  thr=0.20 | P=0.00 | R=0.00 | F1=0.00 | TP=0
  thr=0.25 | P=0.00 | R=0.00 | F1=0.00 | TP=0
  thr=0.30 | P=0.00 | R=0.00 | F1=0.00 | TP=0
  thr=0.50 | P=0.00 | R=0.00 | F1=0.00 | TP=0
2025-12-12 14:06:11,267 | INFO | val time bin [0.0h, 8.0h): samples=158 | accuracy:0.506 | precision:0.000 | recall:0.000 | f1:0.000 | auc:0.880
2025-12-12 14:06:11,271 | INFO | val time bin [8.0h, 12.0h): samples=40 | accuracy:1.000 | precision:0.000 | recall:0.000 | f1:0.000 | auc:nan
2025-12-12 14:06:11,275 | INFO | val time bin [12.0h, 16.0h): samples=40 | accuracy:1.000 | precision:0.000 | recall:0.000 | f1:0.000 | auc:nan
2025-12-12 14:06:11,279 | INFO | val time bin [16.0h, 24.0h): samples=80 | accuracy:1.000 | precision:0.000 | recall:0.000 | f1:0.000 | auc:nan
2025-12-12 14:06:11,284 | INFO | val time bin [24.0h, 32.0h): samples=80 | accuracy:1.000 | precision:0.000 | recall:0.000 | f1:0.000 | auc:nan
2025-12-12 14:06:11,284 | INFO | val: accuracy:0.8564 | precision:0.0000 | recall:0.0000 | f1:0.0000 | auc:0.9649 | loss:1.0118
2025-12-12 14:07:09,885 | INFO | test threshold sweep:
  thr=0.10 | P=0.00 | R=0.00 | F1=0.00 | TP=0
  thr=0.15 | P=0.00 | R=0.00 | F1=0.00 | TP=0
  thr=0.20 | P=0.00 | R=0.00 | F1=0.00 | TP=0
  thr=0.25 | P=0.00 | R=0.00 | F1=0.00 | TP=0
  thr=0.30 | P=0.00 | R=0.00 | F1=0.00 | TP=0
  thr=0.50 | P=0.00 | R=0.00 | F1=0.00 | TP=0
2025-12-12 14:07:09,890 | INFO | test time bin [0.0h, 8.0h): samples=232 | accuracy:0.552 | precision:0.000 | recall:0.000 | f1:0.000 | auc:0.861
2025-12-12 14:07:09,894 | INFO | test time bin [8.0h, 12.0h): samples=64 | accuracy:1.000 | precision:0.000 | recall:0.000 | f1:0.000 | auc:nan
2025-12-12 14:07:09,898 | INFO | test time bin [12.0h, 16.0h): samples=64 | accuracy:1.000 | precision:0.000 | recall:0.000 | f1:0.000 | auc:nan
2025-12-12 14:07:09,903 | INFO | test time bin [16.0h, 24.0h): samples=128 | accuracy:1.000 | precision:0.000 | recall:0.000 | f1:0.000 | auc:nan
2025-12-12 14:07:09,907 | INFO | test time bin [24.0h, 32.0h): samples=128 | accuracy:1.000 | precision:0.000 | recall:0.000 | f1:0.000 | auc:nan
2025-12-12 14:07:09,907 | INFO | test: accuracy:0.8774 | precision:0.0000 | recall:0.0000 | f1:0.0000 | auc:0.9622 | loss:0.8648
2025-12-12 14:07:11,612 | INFO | Saved checkpoint: outputs/sliding_window_analysis/20251212-132622/checkpoints/window_1-7/fold_02_best.pth
2025-12-12 14:08:44,085 | INFO | train loss: 0.0233
2025-12-12 14:09:42,136 | INFO | val threshold sweep:
  thr=0.10 | P=1.00 | R=0.01 | F1=0.03 | TP=1
  thr=0.15 | P=1.00 | R=0.01 | F1=0.03 | TP=1
  thr=0.20 | P=1.00 | R=0.01 | F1=0.03 | TP=1
  thr=0.25 | P=1.00 | R=0.01 | F1=0.03 | TP=1
  thr=0.30 | P=1.00 | R=0.01 | F1=0.03 | TP=1
  thr=0.50 | P=1.00 | R=0.01 | F1=0.03 | TP=1
2025-12-12 14:09:42,141 | INFO | val time bin [0.0h, 8.0h): samples=158 | accuracy:0.513 | precision:1.000 | recall:0.013 | f1:0.025 | auc:0.833
2025-12-12 14:09:42,145 | INFO | val time bin [8.0h, 12.0h): samples=40 | accuracy:1.000 | precision:0.000 | recall:0.000 | f1:0.000 | auc:nan
2025-12-12 14:09:42,149 | INFO | val time bin [12.0h, 16.0h): samples=40 | accuracy:1.000 | precision:0.000 | recall:0.000 | f1:0.000 | auc:nan
2025-12-12 14:09:42,154 | INFO | val time bin [16.0h, 24.0h): samples=80 | accuracy:1.000 | precision:0.000 | recall:0.000 | f1:0.000 | auc:nan
2025-12-12 14:09:42,158 | INFO | val time bin [24.0h, 32.0h): samples=80 | accuracy:1.000 | precision:0.000 | recall:0.000 | f1:0.000 | auc:nan
2025-12-12 14:09:42,158 | INFO | val: accuracy:0.8582 | precision:1.0000 | recall:0.0128 | f1:0.0253 | auc:0.9371 | loss:1.0018
2025-12-12 14:11:11,974 | INFO | train loss: 0.0136
2025-12-12 14:12:09,904 | INFO | val threshold sweep:
  thr=0.10 | P=1.00 | R=0.50 | F1=0.67 | TP=39
  thr=0.15 | P=1.00 | R=0.47 | F1=0.64 | TP=37
  thr=0.20 | P=1.00 | R=0.40 | F1=0.57 | TP=31
  thr=0.25 | P=1.00 | R=0.35 | F1=0.51 | TP=27
  thr=0.30 | P=1.00 | R=0.31 | F1=0.47 | TP=24
  thr=0.50 | P=1.00 | R=0.22 | F1=0.36 | TP=17
2025-12-12 14:12:09,909 | INFO | val time bin [0.0h, 8.0h): samples=158 | accuracy:0.614 | precision:1.000 | recall:0.218 | f1:0.358 | auc:0.999
2025-12-12 14:12:09,913 | INFO | val time bin [8.0h, 12.0h): samples=40 | accuracy:1.000 | precision:0.000 | recall:0.000 | f1:0.000 | auc:nan
2025-12-12 14:12:09,917 | INFO | val time bin [12.0h, 16.0h): samples=40 | accuracy:1.000 | precision:0.000 | recall:0.000 | f1:0.000 | auc:nan
2025-12-12 14:12:09,922 | INFO | val time bin [16.0h, 24.0h): samples=80 | accuracy:1.000 | precision:0.000 | recall:0.000 | f1:0.000 | auc:nan
2025-12-12 14:12:09,926 | INFO | val time bin [24.0h, 32.0h): samples=80 | accuracy:1.000 | precision:0.000 | recall:0.000 | f1:0.000 | auc:nan
2025-12-12 14:12:09,926 | INFO | val: accuracy:0.8877 | precision:1.0000 | recall:0.2179 | f1:0.3579 | auc:0.9990 | loss:0.5171
2025-12-12 14:13:10,538 | INFO | test threshold sweep:
  thr=0.10 | P=1.00 | R=0.25 | F1=0.40 | TP=26
  thr=0.15 | P=1.00 | R=0.20 | F1=0.34 | TP=21
  thr=0.20 | P=1.00 | R=0.17 | F1=0.30 | TP=18
  thr=0.25 | P=1.00 | R=0.13 | F1=0.24 | TP=14
  thr=0.30 | P=1.00 | R=0.12 | F1=0.22 | TP=13
  thr=0.50 | P=1.00 | R=0.07 | F1=0.13 | TP=7
2025-12-12 14:13:10,543 | INFO | test time bin [0.0h, 8.0h): samples=232 | accuracy:0.582 | precision:1.000 | recall:0.067 | f1:0.126 | auc:0.996
2025-12-12 14:13:10,548 | INFO | test time bin [8.0h, 12.0h): samples=64 | accuracy:1.000 | precision:0.000 | recall:0.000 | f1:0.000 | auc:nan
2025-12-12 14:13:10,552 | INFO | test time bin [12.0h, 16.0h): samples=64 | accuracy:1.000 | precision:0.000 | recall:0.000 | f1:0.000 | auc:nan
2025-12-12 14:13:10,556 | INFO | test time bin [16.0h, 24.0h): samples=128 | accuracy:1.000 | precision:0.000 | recall:0.000 | f1:0.000 | auc:nan
2025-12-12 14:13:10,560 | INFO | test time bin [24.0h, 32.0h): samples=128 | accuracy:1.000 | precision:0.000 | recall:0.000 | f1:0.000 | auc:nan
2025-12-12 14:13:10,561 | INFO | test: accuracy:0.8856 | precision:1.0000 | recall:0.0673 | f1:0.1261 | auc:0.9902 | loss:0.5499
2025-12-12 14:13:12,290 | INFO | Saved checkpoint: outputs/sliding_window_analysis/20251212-132622/checkpoints/window_1-7/fold_02_best.pth
2025-12-12 14:14:47,005 | INFO | train loss: 0.0121
2025-12-12 14:15:44,408 | INFO | val threshold sweep:
  thr=0.10 | P=1.00 | R=0.56 | F1=0.72 | TP=44
  thr=0.15 | P=1.00 | R=0.54 | F1=0.70 | TP=42
  thr=0.20 | P=1.00 | R=0.51 | F1=0.68 | TP=40
  thr=0.25 | P=1.00 | R=0.51 | F1=0.68 | TP=40
  thr=0.30 | P=1.00 | R=0.50 | F1=0.67 | TP=39
  thr=0.50 | P=1.00 | R=0.49 | F1=0.66 | TP=38
2025-12-12 14:15:44,413 | INFO | val time bin [0.0h, 8.0h): samples=158 | accuracy:0.747 | precision:1.000 | recall:0.487 | f1:0.655 | auc:0.996
2025-12-12 14:15:44,417 | INFO | val time bin [8.0h, 12.0h): samples=40 | accuracy:1.000 | precision:0.000 | recall:0.000 | f1:0.000 | auc:nan
2025-12-12 14:15:44,421 | INFO | val time bin [12.0h, 16.0h): samples=40 | accuracy:1.000 | precision:0.000 | recall:0.000 | f1:0.000 | auc:nan
2025-12-12 14:15:44,426 | INFO | val time bin [16.0h, 24.0h): samples=80 | accuracy:1.000 | precision:0.000 | recall:0.000 | f1:0.000 | auc:nan
2025-12-12 14:15:44,430 | INFO | val time bin [24.0h, 32.0h): samples=80 | accuracy:1.000 | precision:0.000 | recall:0.000 | f1:0.000 | auc:nan
2025-12-12 14:15:44,430 | INFO | val: accuracy:0.9263 | precision:1.0000 | recall:0.4872 | f1:0.6552 | auc:0.9988 | loss:0.3561
2025-12-12 14:17:15,460 | INFO | train loss: 0.0072
2025-12-12 14:18:15,065 | INFO | val threshold sweep:
  thr=0.10 | P=1.00 | R=0.78 | F1=0.88 | TP=61
  thr=0.15 | P=1.00 | R=0.77 | F1=0.87 | TP=60
  thr=0.20 | P=1.00 | R=0.74 | F1=0.85 | TP=58
  thr=0.25 | P=1.00 | R=0.74 | F1=0.85 | TP=58
  thr=0.30 | P=1.00 | R=0.73 | F1=0.84 | TP=57
  thr=0.50 | P=1.00 | R=0.68 | F1=0.81 | TP=53
2025-12-12 14:18:15,070 | INFO | val time bin [0.0h, 8.0h): samples=158 | accuracy:0.842 | precision:1.000 | recall:0.679 | f1:0.809 | auc:0.999
2025-12-12 14:18:15,075 | INFO | val time bin [8.0h, 12.0h): samples=40 | accuracy:1.000 | precision:0.000 | recall:0.000 | f1:0.000 | auc:nan
2025-12-12 14:18:15,079 | INFO | val time bin [12.0h, 16.0h): samples=40 | accuracy:1.000 | precision:0.000 | recall:0.000 | f1:0.000 | auc:nan
2025-12-12 14:18:15,083 | INFO | val time bin [16.0h, 24.0h): samples=80 | accuracy:1.000 | precision:0.000 | recall:0.000 | f1:0.000 | auc:nan
2025-12-12 14:18:15,087 | INFO | val time bin [24.0h, 32.0h): samples=80 | accuracy:1.000 | precision:0.000 | recall:0.000 | f1:0.000 | auc:nan
2025-12-12 14:18:15,087 | INFO | val: accuracy:0.9540 | precision:1.0000 | recall:0.6795 | f1:0.8092 | auc:0.9998 | loss:0.1408
2025-12-12 14:19:13,068 | INFO | test threshold sweep:
  thr=0.10 | P=1.00 | R=0.85 | F1=0.92 | TP=88
  thr=0.15 | P=1.00 | R=0.84 | F1=0.91 | TP=87
  thr=0.20 | P=1.00 | R=0.84 | F1=0.91 | TP=87
  thr=0.25 | P=1.00 | R=0.83 | F1=0.91 | TP=86
  thr=0.30 | P=1.00 | R=0.82 | F1=0.90 | TP=85
  thr=0.50 | P=1.00 | R=0.75 | F1=0.86 | TP=78
2025-12-12 14:19:13,073 | INFO | test time bin [0.0h, 8.0h): samples=232 | accuracy:0.888 | precision:1.000 | recall:0.750 | f1:0.857 | auc:0.994
2025-12-12 14:19:13,077 | INFO | test time bin [8.0h, 12.0h): samples=64 | accuracy:1.000 | precision:0.000 | recall:0.000 | f1:0.000 | auc:nan
2025-12-12 14:19:13,082 | INFO | test time bin [12.0h, 16.0h): samples=64 | accuracy:1.000 | precision:0.000 | recall:0.000 | f1:0.000 | auc:nan
2025-12-12 14:19:13,086 | INFO | test time bin [16.0h, 24.0h): samples=128 | accuracy:1.000 | precision:0.000 | recall:0.000 | f1:0.000 | auc:nan
2025-12-12 14:19:13,090 | INFO | test time bin [24.0h, 32.0h): samples=128 | accuracy:1.000 | precision:0.000 | recall:0.000 | f1:0.000 | auc:nan
2025-12-12 14:19:13,090 | INFO | test: accuracy:0.9693 | precision:1.0000 | recall:0.7500 | f1:0.8571 | auc:0.9987 | loss:0.1083
2025-12-12 14:19:14,757 | INFO | Saved checkpoint: outputs/sliding_window_analysis/20251212-132622/checkpoints/window_1-7/fold_02_best.pth
2025-12-12 14:20:45,941 | INFO | train loss: 0.0060
2025-12-12 14:21:42,715 | INFO | val threshold sweep:
  thr=0.10 | P=1.00 | R=0.67 | F1=0.80 | TP=52
  thr=0.15 | P=1.00 | R=0.67 | F1=0.80 | TP=52
  thr=0.20 | P=1.00 | R=0.65 | F1=0.79 | TP=51
  thr=0.25 | P=1.00 | R=0.65 | F1=0.79 | TP=51
  thr=0.30 | P=1.00 | R=0.65 | F1=0.79 | TP=51
  thr=0.50 | P=1.00 | R=0.63 | F1=0.77 | TP=49
2025-12-12 14:21:42,720 | INFO | val time bin [0.0h, 8.0h): samples=158 | accuracy:0.816 | precision:1.000 | recall:0.628 | f1:0.772 | auc:0.999
2025-12-12 14:21:42,725 | INFO | val time bin [8.0h, 12.0h): samples=40 | accuracy:1.000 | precision:0.000 | recall:0.000 | f1:0.000 | auc:nan
2025-12-12 14:21:42,729 | INFO | val time bin [12.0h, 16.0h): samples=40 | accuracy:1.000 | precision:0.000 | recall:0.000 | f1:0.000 | auc:nan
2025-12-12 14:21:42,733 | INFO | val time bin [16.0h, 24.0h): samples=80 | accuracy:1.000 | precision:0.000 | recall:0.000 | f1:0.000 | auc:nan
2025-12-12 14:21:42,737 | INFO | val time bin [24.0h, 32.0h): samples=80 | accuracy:1.000 | precision:0.000 | recall:0.000 | f1:0.000 | auc:nan
2025-12-12 14:21:42,737 | INFO | val: accuracy:0.9466 | precision:1.0000 | recall:0.6282 | f1:0.7717 | auc:0.9995 | loss:0.2270
2025-12-12 14:23:14,776 | INFO | train loss: 0.0054
2025-12-12 14:24:12,929 | INFO | val threshold sweep:
  thr=0.10 | P=1.00 | R=0.83 | F1=0.91 | TP=65
  thr=0.15 | P=1.00 | R=0.83 | F1=0.91 | TP=65
  thr=0.20 | P=1.00 | R=0.81 | F1=0.89 | TP=63
  thr=0.25 | P=1.00 | R=0.79 | F1=0.89 | TP=62
  thr=0.30 | P=1.00 | R=0.78 | F1=0.88 | TP=61
  thr=0.50 | P=1.00 | R=0.69 | F1=0.82 | TP=54
2025-12-12 14:24:12,934 | INFO | val time bin [0.0h, 8.0h): samples=158 | accuracy:0.848 | precision:1.000 | recall:0.692 | f1:0.818 | auc:1.000
2025-12-12 14:24:12,938 | INFO | val time bin [8.0h, 12.0h): samples=40 | accuracy:1.000 | precision:0.000 | recall:0.000 | f1:0.000 | auc:nan
2025-12-12 14:24:12,942 | INFO | val time bin [12.0h, 16.0h): samples=40 | accuracy:1.000 | precision:0.000 | recall:0.000 | f1:0.000 | auc:nan
2025-12-12 14:24:12,947 | INFO | val time bin [16.0h, 24.0h): samples=80 | accuracy:1.000 | precision:0.000 | recall:0.000 | f1:0.000 | auc:nan
2025-12-12 14:24:12,951 | INFO | val time bin [24.0h, 32.0h): samples=80 | accuracy:1.000 | precision:0.000 | recall:0.000 | f1:0.000 | auc:nan
2025-12-12 14:24:12,951 | INFO | val: accuracy:0.9558 | precision:1.0000 | recall:0.6923 | f1:0.8182 | auc:0.9999 | loss:0.1103
2025-12-12 14:25:10,857 | INFO | test threshold sweep:
  thr=0.10 | P=1.00 | R=0.86 | F1=0.92 | TP=89
  thr=0.15 | P=1.00 | R=0.85 | F1=0.92 | TP=88
  thr=0.20 | P=1.00 | R=0.85 | F1=0.92 | TP=88
  thr=0.25 | P=1.00 | R=0.84 | F1=0.91 | TP=87
  thr=0.30 | P=1.00 | R=0.83 | F1=0.91 | TP=86
  thr=0.50 | P=1.00 | R=0.82 | F1=0.90 | TP=85
2025-12-12 14:25:10,862 | INFO | test time bin [0.0h, 8.0h): samples=232 | accuracy:0.918 | precision:1.000 | recall:0.817 | f1:0.899 | auc:0.996
2025-12-12 14:25:10,867 | INFO | test time bin [8.0h, 12.0h): samples=64 | accuracy:1.000 | precision:0.000 | recall:0.000 | f1:0.000 | auc:nan
2025-12-12 14:25:10,871 | INFO | test time bin [12.0h, 16.0h): samples=64 | accuracy:1.000 | precision:0.000 | recall:0.000 | f1:0.000 | auc:nan
2025-12-12 14:25:10,875 | INFO | test time bin [16.0h, 24.0h): samples=128 | accuracy:1.000 | precision:0.000 | recall:0.000 | f1:0.000 | auc:nan
2025-12-12 14:25:10,880 | INFO | test time bin [24.0h, 32.0h): samples=128 | accuracy:1.000 | precision:0.000 | recall:0.000 | f1:0.000 | auc:nan
2025-12-12 14:25:10,880 | INFO | test: accuracy:0.9776 | precision:1.0000 | recall:0.8173 | f1:0.8995 | auc:0.9926 | loss:0.1094
2025-12-12 14:25:12,564 | INFO | Saved checkpoint: outputs/sliding_window_analysis/20251212-132622/checkpoints/window_1-7/fold_02_best.pth
2025-12-12 14:26:45,823 | INFO | train loss: 0.0037
2025-12-12 14:27:45,277 | INFO | val threshold sweep:
  thr=0.10 | P=1.00 | R=0.99 | F1=0.99 | TP=77
  thr=0.15 | P=1.00 | R=0.97 | F1=0.99 | TP=76
  thr=0.20 | P=1.00 | R=0.97 | F1=0.99 | TP=76
  thr=0.25 | P=1.00 | R=0.97 | F1=0.99 | TP=76
  thr=0.30 | P=1.00 | R=0.97 | F1=0.99 | TP=76
  thr=0.50 | P=1.00 | R=0.95 | F1=0.97 | TP=74
2025-12-12 14:27:45,282 | INFO | val time bin [0.0h, 8.0h): samples=158 | accuracy:0.975 | precision:1.000 | recall:0.949 | f1:0.974 | auc:1.000
2025-12-12 14:27:45,286 | INFO | val time bin [8.0h, 12.0h): samples=40 | accuracy:1.000 | precision:0.000 | recall:0.000 | f1:0.000 | auc:nan
2025-12-12 14:27:45,290 | INFO | val time bin [12.0h, 16.0h): samples=40 | accuracy:1.000 | precision:0.000 | recall:0.000 | f1:0.000 | auc:nan
2025-12-12 14:27:45,295 | INFO | val time bin [16.0h, 24.0h): samples=80 | accuracy:1.000 | precision:0.000 | recall:0.000 | f1:0.000 | auc:nan
2025-12-12 14:27:45,299 | INFO | val time bin [24.0h, 32.0h): samples=80 | accuracy:1.000 | precision:0.000 | recall:0.000 | f1:0.000 | auc:nan
2025-12-12 14:27:45,299 | INFO | val: accuracy:0.9926 | precision:1.0000 | recall:0.9487 | f1:0.9737 | auc:1.0000 | loss:0.0170
2025-12-12 14:28:43,270 | INFO | test threshold sweep:
  thr=0.10 | P=1.00 | R=0.91 | F1=0.95 | TP=95
  thr=0.15 | P=1.00 | R=0.90 | F1=0.95 | TP=94
  thr=0.20 | P=1.00 | R=0.90 | F1=0.95 | TP=94
  thr=0.25 | P=1.00 | R=0.90 | F1=0.95 | TP=94
  thr=0.30 | P=1.00 | R=0.90 | F1=0.95 | TP=94
  thr=0.50 | P=1.00 | R=0.89 | F1=0.94 | TP=93
2025-12-12 14:28:43,275 | INFO | test time bin [0.0h, 8.0h): samples=232 | accuracy:0.953 | precision:1.000 | recall:0.894 | f1:0.944 | auc:0.997
2025-12-12 14:28:43,279 | INFO | test time bin [8.0h, 12.0h): samples=64 | accuracy:1.000 | precision:0.000 | recall:0.000 | f1:0.000 | auc:nan
2025-12-12 14:28:43,283 | INFO | test time bin [12.0h, 16.0h): samples=64 | accuracy:1.000 | precision:0.000 | recall:0.000 | f1:0.000 | auc:nan
2025-12-12 14:28:43,288 | INFO | test time bin [16.0h, 24.0h): samples=128 | accuracy:1.000 | precision:0.000 | recall:0.000 | f1:0.000 | auc:nan
2025-12-12 14:28:43,292 | INFO | test time bin [24.0h, 32.0h): samples=128 | accuracy:1.000 | precision:0.000 | recall:0.000 | f1:0.000 | auc:nan
2025-12-12 14:28:43,292 | INFO | test: accuracy:0.9870 | precision:1.0000 | recall:0.8942 | f1:0.9442 | auc:0.9990 | loss:0.0529
2025-12-12 14:28:44,963 | INFO | Saved checkpoint: outputs/sliding_window_analysis/20251212-132622/checkpoints/window_1-7/fold_02_best.pth
2025-12-12 14:28:44,990 | INFO | [Window 1.0-7.0h] Training fold_03of05
2025-12-12 14:30:13,602 | INFO | train loss: 0.3692
2025-12-12 14:31:12,890 | INFO | val threshold sweep:
  thr=0.10 | P=0.15 | R=1.00 | F1=0.25 | TP=78
  thr=0.15 | P=0.20 | R=1.00 | F1=0.33 | TP=78
  thr=0.20 | P=0.47 | R=1.00 | F1=0.64 | TP=78
  thr=0.25 | P=0.93 | R=0.91 | F1=0.92 | TP=71
  thr=0.30 | P=0.96 | R=0.31 | F1=0.47 | TP=24
  thr=0.50 | P=0.00 | R=0.00 | F1=0.00 | TP=0
2025-12-12 14:31:12,895 | INFO | val time bin [0.0h, 8.0h): samples=158 | accuracy:0.506 | precision:0.000 | recall:0.000 | f1:0.000 | auc:0.994
2025-12-12 14:31:12,899 | INFO | val time bin [8.0h, 12.0h): samples=40 | accuracy:1.000 | precision:0.000 | recall:0.000 | f1:0.000 | auc:nan
2025-12-12 14:31:12,903 | INFO | val time bin [12.0h, 16.0h): samples=40 | accuracy:1.000 | precision:0.000 | recall:0.000 | f1:0.000 | auc:nan
2025-12-12 14:31:12,908 | INFO | val time bin [16.0h, 24.0h): samples=80 | accuracy:1.000 | precision:0.000 | recall:0.000 | f1:0.000 | auc:nan
2025-12-12 14:31:12,912 | INFO | val time bin [24.0h, 32.0h): samples=80 | accuracy:1.000 | precision:0.000 | recall:0.000 | f1:0.000 | auc:nan
2025-12-12 14:31:12,912 | INFO | val: accuracy:0.8564 | precision:0.0000 | recall:0.0000 | f1:0.0000 | auc:0.9950 | loss:0.3370
2025-12-12 14:32:11,500 | INFO | test threshold sweep:
  thr=0.10 | P=0.12 | R=1.00 | F1=0.22 | TP=104
  thr=0.15 | P=0.17 | R=1.00 | F1=0.28 | TP=104
  thr=0.20 | P=0.43 | R=0.98 | F1=0.59 | TP=102
  thr=0.25 | P=0.99 | R=0.74 | F1=0.85 | TP=77
  thr=0.30 | P=1.00 | R=0.30 | F1=0.46 | TP=31
  thr=0.50 | P=0.00 | R=0.00 | F1=0.00 | TP=0
2025-12-12 14:32:11,505 | INFO | test time bin [0.0h, 8.0h): samples=232 | accuracy:0.552 | precision:0.000 | recall:0.000 | f1:0.000 | auc:0.982
2025-12-12 14:32:11,509 | INFO | test time bin [8.0h, 12.0h): samples=64 | accuracy:1.000 | precision:0.000 | recall:0.000 | f1:0.000 | auc:nan
2025-12-12 14:32:11,513 | INFO | test time bin [12.0h, 16.0h): samples=64 | accuracy:1.000 | precision:0.000 | recall:0.000 | f1:0.000 | auc:nan
2025-12-12 14:32:11,517 | INFO | test time bin [16.0h, 24.0h): samples=128 | accuracy:1.000 | precision:0.000 | recall:0.000 | f1:0.000 | auc:nan
2025-12-12 14:32:11,522 | INFO | test time bin [24.0h, 32.0h): samples=128 | accuracy:1.000 | precision:0.000 | recall:0.000 | f1:0.000 | auc:nan
2025-12-12 14:32:11,522 | INFO | test: accuracy:0.8774 | precision:0.0000 | recall:0.0000 | f1:0.0000 | auc:0.9858 | loss:0.3230
2025-12-12 14:32:13,182 | INFO | Saved checkpoint: outputs/sliding_window_analysis/20251212-132622/checkpoints/window_1-7/fold_03_best.pth
2025-12-12 14:33:46,990 | INFO | train loss: 0.0605
2025-12-12 14:34:44,361 | INFO | val threshold sweep:
  thr=0.10 | P=0.00 | R=0.00 | F1=0.00 | TP=0
  thr=0.15 | P=0.00 | R=0.00 | F1=0.00 | TP=0
  thr=0.20 | P=0.00 | R=0.00 | F1=0.00 | TP=0
  thr=0.25 | P=0.00 | R=0.00 | F1=0.00 | TP=0
  thr=0.30 | P=0.00 | R=0.00 | F1=0.00 | TP=0
  thr=0.50 | P=0.00 | R=0.00 | F1=0.00 | TP=0
2025-12-12 14:34:44,366 | INFO | val time bin [0.0h, 8.0h): samples=158 | accuracy:0.506 | precision:0.000 | recall:0.000 | f1:0.000 | auc:0.948
2025-12-12 14:34:44,370 | INFO | val time bin [8.0h, 12.0h): samples=40 | accuracy:1.000 | precision:0.000 | recall:0.000 | f1:0.000 | auc:nan
2025-12-12 14:34:44,375 | INFO | val time bin [12.0h, 16.0h): samples=40 | accuracy:1.000 | precision:0.000 | recall:0.000 | f1:0.000 | auc:nan
2025-12-12 14:34:44,379 | INFO | val time bin [16.0h, 24.0h): samples=80 | accuracy:1.000 | precision:0.000 | recall:0.000 | f1:0.000 | auc:nan
2025-12-12 14:34:44,383 | INFO | val time bin [24.0h, 32.0h): samples=80 | accuracy:1.000 | precision:0.000 | recall:0.000 | f1:0.000 | auc:nan
2025-12-12 14:34:44,383 | INFO | val: accuracy:0.8564 | precision:0.0000 | recall:0.0000 | f1:0.0000 | auc:0.9788 | loss:0.7655
2025-12-12 14:36:17,489 | INFO | train loss: 0.0225
2025-12-12 14:37:14,541 | INFO | val threshold sweep:
  thr=0.10 | P=0.00 | R=0.00 | F1=0.00 | TP=0
  thr=0.15 | P=0.00 | R=0.00 | F1=0.00 | TP=0
  thr=0.20 | P=0.00 | R=0.00 | F1=0.00 | TP=0
  thr=0.25 | P=0.00 | R=0.00 | F1=0.00 | TP=0
  thr=0.30 | P=0.00 | R=0.00 | F1=0.00 | TP=0
  thr=0.50 | P=0.00 | R=0.00 | F1=0.00 | TP=0
2025-12-12 14:37:14,546 | INFO | val time bin [0.0h, 8.0h): samples=158 | accuracy:0.506 | precision:0.000 | recall:0.000 | f1:0.000 | auc:0.766
2025-12-12 14:37:14,550 | INFO | val time bin [8.0h, 12.0h): samples=40 | accuracy:1.000 | precision:0.000 | recall:0.000 | f1:0.000 | auc:nan
2025-12-12 14:37:14,554 | INFO | val time bin [12.0h, 16.0h): samples=40 | accuracy:1.000 | precision:0.000 | recall:0.000 | f1:0.000 | auc:nan
2025-12-12 14:37:14,558 | INFO | val time bin [16.0h, 24.0h): samples=80 | accuracy:1.000 | precision:0.000 | recall:0.000 | f1:0.000 | auc:nan
2025-12-12 14:37:14,563 | INFO | val time bin [24.0h, 32.0h): samples=80 | accuracy:1.000 | precision:0.000 | recall:0.000 | f1:0.000 | auc:nan
2025-12-12 14:37:14,563 | INFO | val: accuracy:0.8564 | precision:0.0000 | recall:0.0000 | f1:0.0000 | auc:0.9504 | loss:1.0343
2025-12-12 14:38:45,895 | INFO | train loss: 0.0163
2025-12-12 14:39:43,040 | INFO | val threshold sweep:
  thr=0.10 | P=0.00 | R=0.00 | F1=0.00 | TP=0
  thr=0.15 | P=0.00 | R=0.00 | F1=0.00 | TP=0
  thr=0.20 | P=0.00 | R=0.00 | F1=0.00 | TP=0
  thr=0.25 | P=0.00 | R=0.00 | F1=0.00 | TP=0
  thr=0.30 | P=0.00 | R=0.00 | F1=0.00 | TP=0
  thr=0.50 | P=0.00 | R=0.00 | F1=0.00 | TP=0
2025-12-12 14:39:43,045 | INFO | val time bin [0.0h, 8.0h): samples=158 | accuracy:0.506 | precision:0.000 | recall:0.000 | f1:0.000 | auc:0.666
2025-12-12 14:39:43,049 | INFO | val time bin [8.0h, 12.0h): samples=40 | accuracy:1.000 | precision:0.000 | recall:0.000 | f1:0.000 | auc:nan
2025-12-12 14:39:43,053 | INFO | val time bin [12.0h, 16.0h): samples=40 | accuracy:1.000 | precision:0.000 | recall:0.000 | f1:0.000 | auc:nan
2025-12-12 14:39:43,058 | INFO | val time bin [16.0h, 24.0h): samples=80 | accuracy:1.000 | precision:0.000 | recall:0.000 | f1:0.000 | auc:nan
2025-12-12 14:39:43,062 | INFO | val time bin [24.0h, 32.0h): samples=80 | accuracy:1.000 | precision:0.000 | recall:0.000 | f1:0.000 | auc:nan
2025-12-12 14:39:43,062 | INFO | val: accuracy:0.8564 | precision:0.0000 | recall:0.0000 | f1:0.0000 | auc:0.9350 | loss:1.2434
2025-12-12 14:41:15,975 | INFO | train loss: 0.0170
2025-12-12 14:42:13,307 | INFO | val threshold sweep:
  thr=0.10 | P=1.00 | R=0.03 | F1=0.05 | TP=2
  thr=0.15 | P=0.00 | R=0.00 | F1=0.00 | TP=0
  thr=0.20 | P=0.00 | R=0.00 | F1=0.00 | TP=0
  thr=0.25 | P=0.00 | R=0.00 | F1=0.00 | TP=0
  thr=0.30 | P=0.00 | R=0.00 | F1=0.00 | TP=0
  thr=0.50 | P=0.00 | R=0.00 | F1=0.00 | TP=0
2025-12-12 14:42:13,312 | INFO | val time bin [0.0h, 8.0h): samples=158 | accuracy:0.506 | precision:0.000 | recall:0.000 | f1:0.000 | auc:0.952
2025-12-12 14:42:13,317 | INFO | val time bin [8.0h, 12.0h): samples=40 | accuracy:1.000 | precision:0.000 | recall:0.000 | f1:0.000 | auc:nan
2025-12-12 14:42:13,321 | INFO | val time bin [12.0h, 16.0h): samples=40 | accuracy:1.000 | precision:0.000 | recall:0.000 | f1:0.000 | auc:nan
2025-12-12 14:42:13,325 | INFO | val time bin [16.0h, 24.0h): samples=80 | accuracy:1.000 | precision:0.000 | recall:0.000 | f1:0.000 | auc:nan
2025-12-12 14:42:13,330 | INFO | val time bin [24.0h, 32.0h): samples=80 | accuracy:1.000 | precision:0.000 | recall:0.000 | f1:0.000 | auc:nan
2025-12-12 14:42:13,330 | INFO | val: accuracy:0.8564 | precision:0.0000 | recall:0.0000 | f1:0.0000 | auc:0.9850 | loss:0.8585
2025-12-12 14:43:45,251 | INFO | train loss: 0.0104
2025-12-12 14:44:42,510 | INFO | val threshold sweep:
  thr=0.10 | P=0.93 | R=0.36 | F1=0.52 | TP=28
  thr=0.15 | P=0.93 | R=0.35 | F1=0.50 | TP=27
  thr=0.20 | P=0.93 | R=0.33 | F1=0.49 | TP=26
  thr=0.25 | P=0.91 | R=0.27 | F1=0.42 | TP=21
  thr=0.30 | P=0.91 | R=0.27 | F1=0.42 | TP=21
  thr=0.50 | P=0.94 | R=0.22 | F1=0.35 | TP=17
2025-12-12 14:44:42,515 | INFO | val time bin [0.0h, 8.0h): samples=158 | accuracy:0.614 | precision:1.000 | recall:0.218 | f1:0.358 | auc:0.999
2025-12-12 14:44:42,519 | INFO | val time bin [8.0h, 12.0h): samples=40 | accuracy:1.000 | precision:0.000 | recall:0.000 | f1:0.000 | auc:nan
2025-12-12 14:44:42,523 | INFO | val time bin [12.0h, 16.0h): samples=40 | accuracy:1.000 | precision:0.000 | recall:0.000 | f1:0.000 | auc:nan
2025-12-12 14:44:42,527 | INFO | val time bin [16.0h, 24.0h): samples=80 | accuracy:1.000 | precision:0.000 | recall:0.000 | f1:0.000 | auc:nan
2025-12-12 14:44:42,532 | INFO | val time bin [24.0h, 32.0h): samples=80 | accuracy:1.000 | precision:0.000 | recall:0.000 | f1:0.000 | auc:nan
2025-12-12 14:44:42,532 | INFO | val: accuracy:0.8858 | precision:0.9444 | recall:0.2179 | f1:0.3542 | auc:0.9962 | loss:0.4763
2025-12-12 14:45:41,273 | INFO | test threshold sweep:
  thr=0.10 | P=1.00 | R=0.46 | F1=0.63 | TP=48
  thr=0.15 | P=1.00 | R=0.41 | F1=0.59 | TP=43
  thr=0.20 | P=1.00 | R=0.37 | F1=0.54 | TP=38
  thr=0.25 | P=1.00 | R=0.34 | F1=0.50 | TP=35
  thr=0.30 | P=1.00 | R=0.30 | F1=0.46 | TP=31
  thr=0.50 | P=1.00 | R=0.20 | F1=0.34 | TP=21
2025-12-12 14:45:41,278 | INFO | test time bin [0.0h, 8.0h): samples=232 | accuracy:0.642 | precision:1.000 | recall:0.202 | f1:0.336 | auc:0.985
2025-12-12 14:45:41,282 | INFO | test time bin [8.0h, 12.0h): samples=64 | accuracy:1.000 | precision:0.000 | recall:0.000 | f1:0.000 | auc:nan
2025-12-12 14:45:41,287 | INFO | test time bin [12.0h, 16.0h): samples=64 | accuracy:1.000 | precision:0.000 | recall:0.000 | f1:0.000 | auc:nan
2025-12-12 14:45:41,291 | INFO | test time bin [16.0h, 24.0h): samples=128 | accuracy:1.000 | precision:0.000 | recall:0.000 | f1:0.000 | auc:nan
2025-12-12 14:45:41,295 | INFO | test time bin [24.0h, 32.0h): samples=128 | accuracy:1.000 | precision:0.000 | recall:0.000 | f1:0.000 | auc:nan
2025-12-12 14:45:41,295 | INFO | test: accuracy:0.9021 | precision:1.0000 | recall:0.2019 | f1:0.3360 | auc:0.9970 | loss:0.3966
2025-12-12 14:45:43,044 | INFO | Saved checkpoint: outputs/sliding_window_analysis/20251212-132622/checkpoints/window_1-7/fold_03_best.pth
2025-12-12 14:47:12,846 | INFO | train loss: 0.0070
2025-12-12 14:48:11,295 | INFO | val threshold sweep:
  thr=0.10 | P=0.97 | R=0.78 | F1=0.87 | TP=61
  thr=0.15 | P=0.97 | R=0.74 | F1=0.84 | TP=58
  thr=0.20 | P=0.96 | R=0.69 | F1=0.81 | TP=54
  thr=0.25 | P=0.96 | R=0.65 | F1=0.78 | TP=51
  thr=0.30 | P=0.96 | R=0.60 | F1=0.74 | TP=47
  thr=0.50 | P=0.95 | R=0.53 | F1=0.68 | TP=41
2025-12-12 14:48:11,300 | INFO | val time bin [0.0h, 8.0h): samples=158 | accuracy:0.766 | precision:1.000 | recall:0.526 | f1:0.689 | auc:1.000
2025-12-12 14:48:11,304 | INFO | val time bin [8.0h, 12.0h): samples=40 | accuracy:1.000 | precision:0.000 | recall:0.000 | f1:0.000 | auc:nan
2025-12-12 14:48:11,308 | INFO | val time bin [12.0h, 16.0h): samples=40 | accuracy:1.000 | precision:0.000 | recall:0.000 | f1:0.000 | auc:nan
2025-12-12 14:48:11,313 | INFO | val time bin [16.0h, 24.0h): samples=80 | accuracy:1.000 | precision:0.000 | recall:0.000 | f1:0.000 | auc:nan
2025-12-12 14:48:11,317 | INFO | val time bin [24.0h, 32.0h): samples=80 | accuracy:1.000 | precision:0.000 | recall:0.000 | f1:0.000 | auc:nan
2025-12-12 14:48:11,317 | INFO | val: accuracy:0.9282 | precision:0.9535 | recall:0.5256 | f1:0.6777 | auc:0.9961 | loss:0.1977
2025-12-12 14:49:43,684 | INFO | train loss: 0.0079
2025-12-12 14:50:41,232 | INFO | val threshold sweep:
  thr=0.10 | P=0.97 | R=0.90 | F1=0.93 | TP=70
  thr=0.15 | P=0.97 | R=0.88 | F1=0.93 | TP=69
  thr=0.20 | P=0.97 | R=0.87 | F1=0.92 | TP=68
  thr=0.25 | P=0.97 | R=0.86 | F1=0.91 | TP=67
  thr=0.30 | P=0.97 | R=0.85 | F1=0.90 | TP=66
  thr=0.50 | P=0.97 | R=0.74 | F1=0.84 | TP=58
2025-12-12 14:50:41,237 | INFO | val time bin [0.0h, 8.0h): samples=158 | accuracy:0.873 | precision:1.000 | recall:0.744 | f1:0.853 | auc:1.000
2025-12-12 14:50:41,242 | INFO | val time bin [8.0h, 12.0h): samples=40 | accuracy:1.000 | precision:0.000 | recall:0.000 | f1:0.000 | auc:nan
2025-12-12 14:50:41,246 | INFO | val time bin [12.0h, 16.0h): samples=40 | accuracy:1.000 | precision:0.000 | recall:0.000 | f1:0.000 | auc:nan
2025-12-12 14:50:41,250 | INFO | val time bin [16.0h, 24.0h): samples=80 | accuracy:1.000 | precision:0.000 | recall:0.000 | f1:0.000 | auc:nan
2025-12-12 14:50:41,254 | INFO | val time bin [24.0h, 32.0h): samples=80 | accuracy:1.000 | precision:0.000 | recall:0.000 | f1:0.000 | auc:nan
2025-12-12 14:50:41,255 | INFO | val: accuracy:0.9595 | precision:0.9667 | recall:0.7436 | f1:0.8406 | auc:0.9969 | loss:0.1071
2025-12-12 14:51:40,179 | INFO | test threshold sweep:
  thr=0.10 | P=1.00 | R=0.83 | F1=0.91 | TP=86
  thr=0.15 | P=1.00 | R=0.82 | F1=0.90 | TP=85
  thr=0.20 | P=1.00 | R=0.80 | F1=0.89 | TP=83
  thr=0.25 | P=1.00 | R=0.79 | F1=0.88 | TP=82
  thr=0.30 | P=1.00 | R=0.78 | F1=0.88 | TP=81
  thr=0.50 | P=1.00 | R=0.76 | F1=0.86 | TP=79
2025-12-12 14:51:40,184 | INFO | test time bin [0.0h, 8.0h): samples=232 | accuracy:0.892 | precision:1.000 | recall:0.760 | f1:0.863 | auc:0.995
2025-12-12 14:51:40,188 | INFO | test time bin [8.0h, 12.0h): samples=64 | accuracy:1.000 | precision:0.000 | recall:0.000 | f1:0.000 | auc:nan
2025-12-12 14:51:40,192 | INFO | test time bin [12.0h, 16.0h): samples=64 | accuracy:1.000 | precision:0.000 | recall:0.000 | f1:0.000 | auc:nan
2025-12-12 14:51:40,196 | INFO | test time bin [16.0h, 24.0h): samples=128 | accuracy:1.000 | precision:0.000 | recall:0.000 | f1:0.000 | auc:nan
2025-12-12 14:51:40,201 | INFO | test time bin [24.0h, 32.0h): samples=128 | accuracy:1.000 | precision:0.000 | recall:0.000 | f1:0.000 | auc:nan
2025-12-12 14:51:40,201 | INFO | test: accuracy:0.9705 | precision:1.0000 | recall:0.7596 | f1:0.8634 | auc:0.9971 | loss:0.1276
2025-12-12 14:51:42,015 | INFO | Saved checkpoint: outputs/sliding_window_analysis/20251212-132622/checkpoints/window_1-7/fold_03_best.pth
2025-12-12 14:53:13,854 | INFO | train loss: 0.0042
